This is pdfTeX, Version 3.14159265-2.6-1.40.18 (TeX Live 2017) (preloaded format=pdflatex 2017.7.24)  22 JAN 2018 16:40
entering extended mode
 restricted \write18 enabled.
 %&-line parsing enabled.
**a1654797_finalrhep.tex
(./a1654797_finalrhep.tex
LaTeX2e <2017-04-15>
Babel <3.10> and hyphenation patterns for 84 language(s) loaded.
(/usr/local/texlive/2017/texmf-dist/tex/latex/base/article.cls
Document Class: article 2014/09/29 v1.4h Standard LaTeX document class
(/usr/local/texlive/2017/texmf-dist/tex/latex/base/size12.clo
File: size12.clo 2014/09/29 v1.4h Standard LaTeX file (size option)
)
\c@part=\count79
\c@section=\count80
\c@subsection=\count81
\c@subsubsection=\count82
\c@paragraph=\count83
\c@subparagraph=\count84
\c@figure=\count85
\c@table=\count86
\abovecaptionskip=\skip41
\belowcaptionskip=\skip42
\bibindent=\dimen102
)
(/usr/local/texlive/2017/texmf-dist/tex/latex/geometry/geometry.sty
Package: geometry 2010/09/12 v5.6 Page Geometry

(/usr/local/texlive/2017/texmf-dist/tex/latex/graphics/keyval.sty
Package: keyval 2014/10/28 v1.15 key=value parser (DPC)
\KV@toks@=\toks14
)
(/usr/local/texlive/2017/texmf-dist/tex/generic/oberdiek/ifpdf.sty
Package: ifpdf 2017/03/15 v3.2 Provides the ifpdf switch
)
(/usr/local/texlive/2017/texmf-dist/tex/generic/oberdiek/ifvtex.sty
Package: ifvtex 2016/05/16 v1.6 Detect VTeX and its facilities (HO)
Package ifvtex Info: VTeX not detected.
)
(/usr/local/texlive/2017/texmf-dist/tex/generic/ifxetex/ifxetex.sty
Package: ifxetex 2010/09/12 v0.6 Provides ifxetex conditional
)
\Gm@cnth=\count87
\Gm@cntv=\count88
\c@Gm@tempcnt=\count89
\Gm@bindingoffset=\dimen103
\Gm@wd@mp=\dimen104
\Gm@odd@mp=\dimen105
\Gm@even@mp=\dimen106
\Gm@layoutwidth=\dimen107
\Gm@layoutheight=\dimen108
\Gm@layouthoffset=\dimen109
\Gm@layoutvoffset=\dimen110
\Gm@dimlist=\toks15
)
(/usr/local/texlive/2017/texmf-dist/tex/latex/was/gensymb.sty
Package: gensymb 2003/07/02 v1.0 (WaS)
)
(/usr/local/texlive/2017/texmf-dist/tex/latex/amsmath/amsmath.sty
Package: amsmath 2016/11/05 v2.16a AMS math features
\@mathmargin=\skip43

For additional information on amsmath, use the `?' option.
(/usr/local/texlive/2017/texmf-dist/tex/latex/amsmath/amstext.sty
Package: amstext 2000/06/29 v2.01 AMS text

(/usr/local/texlive/2017/texmf-dist/tex/latex/amsmath/amsgen.sty
File: amsgen.sty 1999/11/30 v2.0 generic functions
\@emptytoks=\toks16
\ex@=\dimen111
))
(/usr/local/texlive/2017/texmf-dist/tex/latex/amsmath/amsbsy.sty
Package: amsbsy 1999/11/29 v1.2d Bold Symbols
\pmbraise@=\dimen112
)
(/usr/local/texlive/2017/texmf-dist/tex/latex/amsmath/amsopn.sty
Package: amsopn 2016/03/08 v2.02 operator names
)
\inf@bad=\count90
LaTeX Info: Redefining \frac on input line 213.
\uproot@=\count91
\leftroot@=\count92
LaTeX Info: Redefining \overline on input line 375.
\classnum@=\count93
\DOTSCASE@=\count94
LaTeX Info: Redefining \ldots on input line 472.
LaTeX Info: Redefining \dots on input line 475.
LaTeX Info: Redefining \cdots on input line 596.
\Mathstrutbox@=\box26
\strutbox@=\box27
\big@size=\dimen113
LaTeX Font Info:    Redeclaring font encoding OML on input line 712.
LaTeX Font Info:    Redeclaring font encoding OMS on input line 713.
\macc@depth=\count95
\c@MaxMatrixCols=\count96
\dotsspace@=\muskip10
\c@parentequation=\count97
\dspbrk@lvl=\count98
\tag@help=\toks17
\row@=\count99
\column@=\count100
\maxfields@=\count101
\andhelp@=\toks18
\eqnshift@=\dimen114
\alignsep@=\dimen115
\tagshift@=\dimen116
\tagwidth@=\dimen117
\totwidth@=\dimen118
\lineht@=\dimen119
\@envbody=\toks19
\multlinegap=\skip44
\multlinetaggap=\skip45
\mathdisplay@stack=\toks20
LaTeX Info: Redefining \[ on input line 2817.
LaTeX Info: Redefining \] on input line 2818.
)
(/usr/local/texlive/2017/texmf-dist/tex/latex/adjustbox/adjustbox.sty
Package: adjustbox 2012/05/21 v1.0 Adjusting TeX boxes (trim, clip, ...)

(/usr/local/texlive/2017/texmf-dist/tex/latex/xkeyval/xkeyval.sty
Package: xkeyval 2014/12/03 v2.7a package option processing (HA)

(/usr/local/texlive/2017/texmf-dist/tex/generic/xkeyval/xkeyval.tex
(/usr/local/texlive/2017/texmf-dist/tex/generic/xkeyval/xkvutils.tex
\XKV@toks=\toks21
\XKV@tempa@toks=\toks22
)
\XKV@depth=\count102
File: xkeyval.tex 2014/12/03 v2.7a key=value parser (HA)
))
(/usr/local/texlive/2017/texmf-dist/tex/latex/adjustbox/adjcalc.sty
Package: adjcalc 2012/05/16 v1.1 Provides advanced setlength with multiple back
-ends (calc, etex, pgfmath)
)
(/usr/local/texlive/2017/texmf-dist/tex/latex/adjustbox/trimclip.sty
Package: trimclip 2012/05/16 v1.0 Trim and clip general TeX material

(/usr/local/texlive/2017/texmf-dist/tex/latex/graphics/graphicx.sty
Package: graphicx 2014/10/28 v1.0g Enhanced LaTeX Graphics (DPC,SPQR)

(/usr/local/texlive/2017/texmf-dist/tex/latex/graphics/graphics.sty
Package: graphics 2017/04/14 v1.1b Standard LaTeX Graphics (DPC,SPQR)

(/usr/local/texlive/2017/texmf-dist/tex/latex/graphics/trig.sty
Package: trig 2016/01/03 v1.10 sin cos tan (DPC)
)
(/usr/local/texlive/2017/texmf-dist/tex/latex/graphics-cfg/graphics.cfg
File: graphics.cfg 2016/06/04 v1.11 sample graphics configuration
)
Package graphics Info: Driver file: pdftex.def on input line 99.

(/usr/local/texlive/2017/texmf-dist/tex/latex/graphics-def/pdftex.def
File: pdftex.def 2017/01/12 v0.06k Graphics/color for pdfTeX

(/usr/local/texlive/2017/texmf-dist/tex/generic/oberdiek/infwarerr.sty
Package: infwarerr 2016/05/16 v1.4 Providing info/warning/error messages (HO)
)
(/usr/local/texlive/2017/texmf-dist/tex/generic/oberdiek/ltxcmds.sty
Package: ltxcmds 2016/05/16 v1.23 LaTeX kernel commands for general use (HO)
)
\Gread@gobject=\count103
))
\Gin@req@height=\dimen120
\Gin@req@width=\dimen121
)
(/usr/local/texlive/2017/texmf-dist/tex/latex/collectbox/collectbox.sty
Package: collectbox 2012/05/17 v0.4b Collect macro arguments as boxes
\collectedbox=\box28
)
\tc@llx=\dimen122
\tc@lly=\dimen123
\tc@urx=\dimen124
\tc@ury=\dimen125
Package trimclip Info: Using driver 'tc-pdftex.def'.

(/usr/local/texlive/2017/texmf-dist/tex/latex/adjustbox/tc-pdftex.def
File: tc-pdftex.def 2012/05/13 v1.0 Clipping driver for pdftex
))
\adjbox@Width=\dimen126
\adjbox@Height=\dimen127
\adjbox@Depth=\dimen128
\adjbox@Totalheight=\dimen129

(/usr/local/texlive/2017/texmf-dist/tex/latex/ifoddpage/ifoddpage.sty
Package: ifoddpage 2016/04/23 v1.1 Conditionals for odd/even page detection
\c@checkoddpage=\count104
)
(/usr/local/texlive/2017/texmf-dist/tex/latex/varwidth/varwidth.sty
Package: varwidth 2009/03/30 ver 0.92;  Variable-width minipages
\@vwid@box=\box29
\sift@deathcycles=\count105
\@vwid@loff=\dimen130
\@vwid@roff=\dimen131
))
(/usr/local/texlive/2017/texmf-dist/tex/latex/natbib/natbib.sty
Package: natbib 2010/09/13 8.31b (PWD, AO)
\bibhang=\skip46
\bibsep=\skip47
LaTeX Info: Redefining \cite on input line 694.
\c@NAT@ctr=\count106
)
(/usr/local/texlive/2017/texmf-dist/tex/latex/placeins/placeins.sty
Package: placeins 2005/04/18  v 2.2
)
(/usr/local/texlive/2017/texmf-dist/tex/latex/setspace/setspace.sty
Package: setspace 2011/12/19 v6.7a set line spacing
)
(/usr/local/texlive/2017/texmf-dist/tex/latex/pdfpages/pdfpages.sty
Package: pdfpages 2017/01/14 v0.5h Insert pages of external PDF documents (AM)

(/usr/local/texlive/2017/texmf-dist/tex/latex/base/ifthen.sty
Package: ifthen 2014/09/29 v1.1c Standard LaTeX ifthen package (DPC)
)
(/usr/local/texlive/2017/texmf-dist/tex/latex/tools/calc.sty
Package: calc 2014/10/28 v4.3 Infix arithmetic (KKT,FJ)
\calc@Acount=\count107
\calc@Bcount=\count108
\calc@Adimen=\dimen132
\calc@Bdimen=\dimen133
\calc@Askip=\skip48
\calc@Bskip=\skip49
LaTeX Info: Redefining \setlength on input line 80.
LaTeX Info: Redefining \addtolength on input line 81.
\calc@Ccount=\count109
\calc@Cskip=\skip50
)
(/usr/local/texlive/2017/texmf-dist/tex/latex/eso-pic/eso-pic.sty
Package: eso-pic 2015/07/21 v2.0g eso-pic (RN)

(/usr/local/texlive/2017/texmf-dist/tex/generic/oberdiek/atbegshi.sty
Package: atbegshi 2016/06/09 v1.18 At begin shipout hook (HO)
)
(/usr/local/texlive/2017/texmf-dist/tex/latex/xcolor/xcolor.sty
Package: xcolor 2016/05/11 v2.12 LaTeX color extensions (UK)

(/usr/local/texlive/2017/texmf-dist/tex/latex/graphics-cfg/color.cfg
File: color.cfg 2016/01/02 v1.6 sample color configuration
)
Package xcolor Info: Driver file: pdftex.def on input line 225.
Package xcolor Info: Model `cmy' substituted by `cmy0' on input line 1348.
Package xcolor Info: Model `hsb' substituted by `rgb' on input line 1352.
Package xcolor Info: Model `RGB' extended on input line 1364.
Package xcolor Info: Model `HTML' substituted by `rgb' on input line 1366.
Package xcolor Info: Model `Hsb' substituted by `hsb' on input line 1367.
Package xcolor Info: Model `tHsb' substituted by `hsb' on input line 1368.
Package xcolor Info: Model `HSB' substituted by `hsb' on input line 1369.
Package xcolor Info: Model `Gray' substituted by `gray' on input line 1370.
Package xcolor Info: Model `wave' substituted by `hsb' on input line 1371.
))
\AM@pagewidth=\dimen134
\AM@pageheight=\dimen135

(/usr/local/texlive/2017/texmf-dist/tex/latex/pdfpages/pppdftex.def
File: pppdftex.def 2017/01/14 v0.5h Pdfpages driver for pdfTeX (AM)
)
\AM@pagebox=\box30
\AM@global@opts=\toks23
\AM@toc@title=\toks24
\c@AM@survey=\count110
\AM@templatesizebox=\box31
)
(/usr/local/texlive/2017/texmf-dist/tex/latex/graphics/lscape.sty
Package: lscape 2000/10/22 v3.01 Landscape Pages (DPC)
)
(/usr/local/texlive/2017/texmf-dist/tex/latex/psnfss/courier.sty
Package: courier 2005/04/12 PSNFSS-v9.2a (WaS) 
)
(/usr/local/texlive/2017/texmf-dist/tex/latex/float/float.sty
Package: float 2001/11/08 v1.3d Float enhancements (AL)
\c@float@type=\count111
\float@exts=\toks25
\float@box=\box32
\@float@everytoks=\toks26
\@floatcapt=\box33
)
(/usr/local/texlive/2017/texmf-dist/tex/latex/subfloat/subfloat.sty
Package: subfloat 2003/08/21 version 2.14

Package `subfloat', Version 2.14 of 2003/08/21.

Package subfloat Warning: Numbers of floats not counted:
(subfloat)                If you use one of the counters subfloatfiguremax or
(subfloat)                subfloattablemax you will get strange error messages
(subfloat)                containing \c@subfloatfiguremax or
(subfloat)                \c@subfloattablemax:
(subfloat)                Please switch on countmax or remove the code using
(subfloat)                the counter then..

) (/usr/local/texlive/2017/texmf-dist/tex/latex/caption/caption.sty
Package: caption 2016/02/21 v3.3-144 Customizing captions (AR)

(/usr/local/texlive/2017/texmf-dist/tex/latex/caption/caption3.sty
Package: caption3 2016/05/22 v1.7-166 caption3 kernel (AR)
Package caption3 Info: TeX engine: e-TeX on input line 67.
\captionmargin=\dimen136
\captionmargin@=\dimen137
\captionwidth=\dimen138
\caption@tempdima=\dimen139
\caption@indent=\dimen140
\caption@parindent=\dimen141
\caption@hangindent=\dimen142
)
\c@ContinuedFloat=\count112
Package caption Info: float package is loaded.
)
(/usr/local/texlive/2017/texmf-dist/tex/latex/caption/subcaption.sty
Package: subcaption 2016/05/22 v1.1-161 Sub-captions (AR)
\c@subfigure=\count113
\c@subtable=\count114
)
(/usr/local/texlive/2017/texmf-dist/tex/latex/mdframed/mdframed.sty
Package: mdframed 2013/07/01 1.9b: mdframed

(/usr/local/texlive/2017/texmf-dist/tex/latex/oberdiek/kvoptions.sty
Package: kvoptions 2016/05/16 v3.12 Key value format for package options (HO)

(/usr/local/texlive/2017/texmf-dist/tex/generic/oberdiek/kvsetkeys.sty
Package: kvsetkeys 2016/05/16 v1.17 Key value parser (HO)

(/usr/local/texlive/2017/texmf-dist/tex/generic/oberdiek/etexcmds.sty
Package: etexcmds 2016/05/16 v1.6 Avoid name clashes with e-TeX commands (HO)

(/usr/local/texlive/2017/texmf-dist/tex/generic/oberdiek/ifluatex.sty
Package: ifluatex 2016/05/16 v1.4 Provides the ifluatex switch (HO)
Package ifluatex Info: LuaTeX not detected.
)
Package etexcmds Info: Could not find \expanded.
(etexcmds)             That can mean that you are not using pdfTeX 1.50 or
(etexcmds)             that some package has redefined \expanded.
(etexcmds)             In the latter case, load this package earlier.
)))
(/usr/local/texlive/2017/texmf-dist/tex/latex/l3packages/xparse/xparse.sty
(/usr/local/texlive/2017/texmf-dist/tex/latex/l3kernel/expl3.sty
Package: expl3 2017/05/13 L3 programming layer (loader) 

(/usr/local/texlive/2017/texmf-dist/tex/latex/l3kernel/expl3-code.tex
Package: expl3 2017/05/13 L3 programming layer (code)
\c_max_int=\count115
\l_tmpa_int=\count116
\l_tmpb_int=\count117
\g_tmpa_int=\count118
\g_tmpb_int=\count119
\g__prg_map_int=\count120
\c_log_iow=\count121
\l_iow_line_count_int=\count122
\l__iow_line_target_int=\count123
\l__iow_one_indent_int=\count124
\l__iow_indent_int=\count125
\c_zero_dim=\dimen143
\c_max_dim=\dimen144
\l_tmpa_dim=\dimen145
\l_tmpb_dim=\dimen146
\g_tmpa_dim=\dimen147
\g_tmpb_dim=\dimen148
\c_zero_skip=\skip51
\c_max_skip=\skip52
\l_tmpa_skip=\skip53
\l_tmpb_skip=\skip54
\g_tmpa_skip=\skip55
\g_tmpb_skip=\skip56
\c_zero_muskip=\muskip11
\c_max_muskip=\muskip12
\l_tmpa_muskip=\muskip13
\l_tmpb_muskip=\muskip14
\g_tmpa_muskip=\muskip15
\g_tmpb_muskip=\muskip16
\l_keys_choice_int=\count126
\c__fp_leading_shift_int=\count127
\c__fp_middle_shift_int=\count128
\c__fp_trailing_shift_int=\count129
\c__fp_big_leading_shift_int=\count130
\c__fp_big_middle_shift_int=\count131
\c__fp_big_trailing_shift_int=\count132
\c__fp_Bigg_leading_shift_int=\count133
\c__fp_Bigg_middle_shift_int=\count134
\c__fp_Bigg_trailing_shift_int=\count135
\c__fp_rand_size_int=\count136
\c__fp_rand_four_int=\count137
\c__fp_rand_eight_int=\count138
\l__sort_length_int=\count139
\l__sort_min_int=\count140
\l__sort_top_int=\count141
\l__sort_max_int=\count142
\l__sort_true_max_int=\count143
\l__sort_block_int=\count144
\l__sort_begin_int=\count145
\l__sort_end_int=\count146
\l__sort_A_int=\count147
\l__sort_B_int=\count148
\l__sort_C_int=\count149
\c_empty_box=\box34
\l_tmpa_box=\box35
\l_tmpb_box=\box36
\g_tmpa_box=\box37
\g_tmpb_box=\box38
\l__box_top_dim=\dimen149
\l__box_bottom_dim=\dimen150
\l__box_left_dim=\dimen151
\l__box_right_dim=\dimen152
\l__box_top_new_dim=\dimen153
\l__box_bottom_new_dim=\dimen154
\l__box_left_new_dim=\dimen155
\l__box_right_new_dim=\dimen156
\l__box_internal_box=\box39
\l__coffin_internal_box=\box40
\l__coffin_internal_dim=\dimen157
\l__coffin_offset_x_dim=\dimen158
\l__coffin_offset_y_dim=\dimen159
\l__coffin_x_dim=\dimen160
\l__coffin_y_dim=\dimen161
\l__coffin_x_prime_dim=\dimen162
\l__coffin_y_prime_dim=\dimen163
\c_empty_coffin=\box41
\l__coffin_aligned_coffin=\box42
\l__coffin_aligned_internal_coffin=\box43
\l_tmpa_coffin=\box44
\l_tmpb_coffin=\box45
\l__coffin_display_coffin=\box46
\l__coffin_display_coord_coffin=\box47
\l__coffin_display_pole_coffin=\box48
\l__coffin_display_offset_dim=\dimen164
\l__coffin_display_x_dim=\dimen165
\l__coffin_display_y_dim=\dimen166
\l__coffin_bounding_shift_dim=\dimen167
\l__coffin_left_corner_dim=\dimen168
\l__coffin_right_corner_dim=\dimen169
\l__coffin_bottom_corner_dim=\dimen170
\l__coffin_top_corner_dim=\dimen171
\l__coffin_scaled_total_height_dim=\dimen172
\l__coffin_scaled_width_dim=\dimen173
)
(/usr/local/texlive/2017/texmf-dist/tex/latex/l3kernel/l3pdfmode.def
File: l3pdfmode.def 2017/03/18 v L3 Experimental driver: PDF mode
\l__driver_color_stack_int=\count150
\l__driver_tmp_box=\box49
))
Package: xparse 2017/05/13 L3 Experimental document command parser
\l__xparse_current_arg_int=\count151
\g__xparse_grabber_int=\count152
\l__xparse_m_args_int=\count153
\l__xparse_mandatory_args_int=\count154
\l__xparse_v_nesting_int=\count155
)
(/usr/local/texlive/2017/texmf-dist/tex/latex/etoolbox/etoolbox.sty
Package: etoolbox 2017/01/02 v2.4 e-TeX tools for LaTeX (JAW)
\etb@tempcnta=\count156
)
(/usr/local/texlive/2017/texmf-dist/tex/latex/oberdiek/zref-abspage.sty
Package: zref-abspage 2016/05/21 v2.26 Module abspage for zref (HO)

(/usr/local/texlive/2017/texmf-dist/tex/latex/oberdiek/zref-base.sty
Package: zref-base 2016/05/21 v2.26 Module base for zref (HO)

(/usr/local/texlive/2017/texmf-dist/tex/generic/oberdiek/kvdefinekeys.sty
Package: kvdefinekeys 2016/05/16 v1.4 Define keys (HO)
)
(/usr/local/texlive/2017/texmf-dist/tex/generic/oberdiek/pdftexcmds.sty
Package: pdftexcmds 2017/03/19 v0.25 Utility functions of pdfTeX for LuaTeX (HO
)
Package pdftexcmds Info: LuaTeX not detected.
Package pdftexcmds Info: \pdf@primitive is available.
Package pdftexcmds Info: \pdf@ifprimitive is available.
Package pdftexcmds Info: \pdfdraftmode found.
)
(/usr/local/texlive/2017/texmf-dist/tex/latex/oberdiek/auxhook.sty
Package: auxhook 2016/05/16 v1.4 Hooks for auxiliary files (HO)
)
Package zref Info: New property list: main on input line 759.
Package zref Info: New property: default on input line 760.
Package zref Info: New property: page on input line 761.
)
\c@abspage=\count157
Package zref Info: New property: abspage on input line 62.
)
(/usr/local/texlive/2017/texmf-dist/tex/latex/needspace/needspace.sty
Package: needspace 2010/09/12 v1.3d reserve vertical space
)
\mdf@templength=\skip57
\c@mdf@globalstyle@cnt=\count158
\mdf@skipabove@length=\skip58
\mdf@skipbelow@length=\skip59
\mdf@leftmargin@length=\skip60
\mdf@rightmargin@length=\skip61
\mdf@innerleftmargin@length=\skip62
\mdf@innerrightmargin@length=\skip63
\mdf@innertopmargin@length=\skip64
\mdf@innerbottommargin@length=\skip65
\mdf@splittopskip@length=\skip66
\mdf@splitbottomskip@length=\skip67
\mdf@outermargin@length=\skip68
\mdf@innermargin@length=\skip69
\mdf@linewidth@length=\skip70
\mdf@innerlinewidth@length=\skip71
\mdf@middlelinewidth@length=\skip72
\mdf@outerlinewidth@length=\skip73
\mdf@roundcorner@length=\skip74
\mdf@footenotedistance@length=\skip75
\mdf@userdefinedwidth@length=\skip76
\mdf@needspace@length=\skip77
\mdf@frametitleaboveskip@length=\skip78
\mdf@frametitlebelowskip@length=\skip79
\mdf@frametitlerulewidth@length=\skip80
\mdf@frametitleleftmargin@length=\skip81
\mdf@frametitlerightmargin@length=\skip82
\mdf@shadowsize@length=\skip83
\mdf@extratopheight@length=\skip84
\mdf@subtitleabovelinewidth@length=\skip85
\mdf@subtitlebelowlinewidth@length=\skip86
\mdf@subtitleaboveskip@length=\skip87
\mdf@subtitlebelowskip@length=\skip88
\mdf@subtitleinneraboveskip@length=\skip89
\mdf@subtitleinnerbelowskip@length=\skip90
\mdf@subsubtitleabovelinewidth@length=\skip91
\mdf@subsubtitlebelowlinewidth@length=\skip92
\mdf@subsubtitleaboveskip@length=\skip93
\mdf@subsubtitlebelowskip@length=\skip94
\mdf@subsubtitleinneraboveskip@length=\skip95
\mdf@subsubtitleinnerbelowskip@length=\skip96

(/usr/local/texlive/2017/texmf-dist/tex/latex/pgf/frontendlayer/tikz.sty
(/usr/local/texlive/2017/texmf-dist/tex/latex/pgf/basiclayer/pgf.sty
(/usr/local/texlive/2017/texmf-dist/tex/latex/pgf/utilities/pgfrcs.sty
(/usr/local/texlive/2017/texmf-dist/tex/generic/pgf/utilities/pgfutil-common.te
x
\pgfutil@everybye=\toks27
\pgfutil@tempdima=\dimen174
\pgfutil@tempdimb=\dimen175

(/usr/local/texlive/2017/texmf-dist/tex/generic/pgf/utilities/pgfutil-common-li
sts.tex))
(/usr/local/texlive/2017/texmf-dist/tex/generic/pgf/utilities/pgfutil-latex.def
\pgfutil@abb=\box50
(/usr/local/texlive/2017/texmf-dist/tex/latex/ms/everyshi.sty
Package: everyshi 2001/05/15 v3.00 EveryShipout Package (MS)
))
(/usr/local/texlive/2017/texmf-dist/tex/generic/pgf/utilities/pgfrcs.code.tex
Package: pgfrcs 2015/08/07 v3.0.1a (rcs-revision 1.31)
))
Package: pgf 2015/08/07 v3.0.1a (rcs-revision 1.15)
(/usr/local/texlive/2017/texmf-dist/tex/latex/pgf/basiclayer/pgfcore.sty
(/usr/local/texlive/2017/texmf-dist/tex/latex/pgf/systemlayer/pgfsys.sty
(/usr/local/texlive/2017/texmf-dist/tex/generic/pgf/systemlayer/pgfsys.code.tex
Package: pgfsys 2014/07/09 v3.0.1a (rcs-revision 1.48)
(/usr/local/texlive/2017/texmf-dist/tex/generic/pgf/utilities/pgfkeys.code.tex
\pgfkeys@pathtoks=\toks28
\pgfkeys@temptoks=\toks29

(/usr/local/texlive/2017/texmf-dist/tex/generic/pgf/utilities/pgfkeysfiltered.c
ode.tex
\pgfkeys@tmptoks=\toks30
))
\pgf@x=\dimen176
\pgf@y=\dimen177
\pgf@xa=\dimen178
\pgf@ya=\dimen179
\pgf@xb=\dimen180
\pgf@yb=\dimen181
\pgf@xc=\dimen182
\pgf@yc=\dimen183
\w@pgf@writea=\write3
\r@pgf@reada=\read1
\c@pgf@counta=\count159
\c@pgf@countb=\count160
\c@pgf@countc=\count161
\c@pgf@countd=\count162
\t@pgf@toka=\toks31
\t@pgf@tokb=\toks32
\t@pgf@tokc=\toks33

(/usr/local/texlive/2017/texmf-dist/tex/generic/pgf/systemlayer/pgf.cfg
File: pgf.cfg 2008/05/14  (rcs-revision 1.7)
)
Driver file for pgf: pgfsys-pdftex.def

(/usr/local/texlive/2017/texmf-dist/tex/generic/pgf/systemlayer/pgfsys-pdftex.d
ef
File: pgfsys-pdftex.def 2014/10/11  (rcs-revision 1.35)

(/usr/local/texlive/2017/texmf-dist/tex/generic/pgf/systemlayer/pgfsys-common-p
df.def
File: pgfsys-common-pdf.def 2013/10/10  (rcs-revision 1.13)
)))
(/usr/local/texlive/2017/texmf-dist/tex/generic/pgf/systemlayer/pgfsyssoftpath.
code.tex
File: pgfsyssoftpath.code.tex 2013/09/09  (rcs-revision 1.9)
\pgfsyssoftpath@smallbuffer@items=\count163
\pgfsyssoftpath@bigbuffer@items=\count164
)
(/usr/local/texlive/2017/texmf-dist/tex/generic/pgf/systemlayer/pgfsysprotocol.
code.tex
File: pgfsysprotocol.code.tex 2006/10/16  (rcs-revision 1.4)
))
(/usr/local/texlive/2017/texmf-dist/tex/generic/pgf/basiclayer/pgfcore.code.tex
Package: pgfcore 2010/04/11 v3.0.1a (rcs-revision 1.7)
(/usr/local/texlive/2017/texmf-dist/tex/generic/pgf/math/pgfmath.code.tex
(/usr/local/texlive/2017/texmf-dist/tex/generic/pgf/math/pgfmathcalc.code.tex
(/usr/local/texlive/2017/texmf-dist/tex/generic/pgf/math/pgfmathutil.code.tex)
(/usr/local/texlive/2017/texmf-dist/tex/generic/pgf/math/pgfmathparser.code.tex
\pgfmath@dimen=\dimen184
\pgfmath@count=\count165
\pgfmath@box=\box51
\pgfmath@toks=\toks34
\pgfmath@stack@operand=\toks35
\pgfmath@stack@operation=\toks36
)
(/usr/local/texlive/2017/texmf-dist/tex/generic/pgf/math/pgfmathfunctions.code.
tex
(/usr/local/texlive/2017/texmf-dist/tex/generic/pgf/math/pgfmathfunctions.basic
.code.tex)
(/usr/local/texlive/2017/texmf-dist/tex/generic/pgf/math/pgfmathfunctions.trigo
nometric.code.tex)
(/usr/local/texlive/2017/texmf-dist/tex/generic/pgf/math/pgfmathfunctions.rando
m.code.tex)
(/usr/local/texlive/2017/texmf-dist/tex/generic/pgf/math/pgfmathfunctions.compa
rison.code.tex)
(/usr/local/texlive/2017/texmf-dist/tex/generic/pgf/math/pgfmathfunctions.base.
code.tex)
(/usr/local/texlive/2017/texmf-dist/tex/generic/pgf/math/pgfmathfunctions.round
.code.tex)
(/usr/local/texlive/2017/texmf-dist/tex/generic/pgf/math/pgfmathfunctions.misc.
code.tex)
(/usr/local/texlive/2017/texmf-dist/tex/generic/pgf/math/pgfmathfunctions.integ
erarithmetics.code.tex)))
(/usr/local/texlive/2017/texmf-dist/tex/generic/pgf/math/pgfmathfloat.code.tex
\c@pgfmathroundto@lastzeros=\count166
))
(/usr/local/texlive/2017/texmf-dist/tex/generic/pgf/basiclayer/pgfcorepoints.co
de.tex
File: pgfcorepoints.code.tex 2013/10/07  (rcs-revision 1.27)
\pgf@picminx=\dimen185
\pgf@picmaxx=\dimen186
\pgf@picminy=\dimen187
\pgf@picmaxy=\dimen188
\pgf@pathminx=\dimen189
\pgf@pathmaxx=\dimen190
\pgf@pathminy=\dimen191
\pgf@pathmaxy=\dimen192
\pgf@xx=\dimen193
\pgf@xy=\dimen194
\pgf@yx=\dimen195
\pgf@yy=\dimen196
\pgf@zx=\dimen197
\pgf@zy=\dimen198
)
(/usr/local/texlive/2017/texmf-dist/tex/generic/pgf/basiclayer/pgfcorepathconst
ruct.code.tex
File: pgfcorepathconstruct.code.tex 2013/10/07  (rcs-revision 1.29)
\pgf@path@lastx=\dimen199
\pgf@path@lasty=\dimen256
)
(/usr/local/texlive/2017/texmf-dist/tex/generic/pgf/basiclayer/pgfcorepathusage
.code.tex
File: pgfcorepathusage.code.tex 2014/11/02  (rcs-revision 1.24)
\pgf@shorten@end@additional=\dimen257
\pgf@shorten@start@additional=\dimen258
)
(/usr/local/texlive/2017/texmf-dist/tex/generic/pgf/basiclayer/pgfcorescopes.co
de.tex
File: pgfcorescopes.code.tex 2015/05/08  (rcs-revision 1.46)
\pgfpic=\box52
\pgf@hbox=\box53
\pgf@layerbox@main=\box54
\pgf@picture@serial@count=\count167
)
(/usr/local/texlive/2017/texmf-dist/tex/generic/pgf/basiclayer/pgfcoregraphicst
ate.code.tex
File: pgfcoregraphicstate.code.tex 2014/11/02  (rcs-revision 1.12)
\pgflinewidth=\dimen259
)
(/usr/local/texlive/2017/texmf-dist/tex/generic/pgf/basiclayer/pgfcoretransform
ations.code.tex
File: pgfcoretransformations.code.tex 2015/08/07  (rcs-revision 1.20)
\pgf@pt@x=\dimen260
\pgf@pt@y=\dimen261
\pgf@pt@temp=\dimen262
)
(/usr/local/texlive/2017/texmf-dist/tex/generic/pgf/basiclayer/pgfcorequick.cod
e.tex
File: pgfcorequick.code.tex 2008/10/09  (rcs-revision 1.3)
)
(/usr/local/texlive/2017/texmf-dist/tex/generic/pgf/basiclayer/pgfcoreobjects.c
ode.tex
File: pgfcoreobjects.code.tex 2006/10/11  (rcs-revision 1.2)
)
(/usr/local/texlive/2017/texmf-dist/tex/generic/pgf/basiclayer/pgfcorepathproce
ssing.code.tex
File: pgfcorepathprocessing.code.tex 2013/09/09  (rcs-revision 1.9)
)
(/usr/local/texlive/2017/texmf-dist/tex/generic/pgf/basiclayer/pgfcorearrows.co
de.tex
File: pgfcorearrows.code.tex 2015/05/14  (rcs-revision 1.43)
\pgfarrowsep=\dimen263
)
(/usr/local/texlive/2017/texmf-dist/tex/generic/pgf/basiclayer/pgfcoreshade.cod
e.tex
File: pgfcoreshade.code.tex 2013/07/15  (rcs-revision 1.15)
\pgf@max=\dimen264
\pgf@sys@shading@range@num=\count168
)
(/usr/local/texlive/2017/texmf-dist/tex/generic/pgf/basiclayer/pgfcoreimage.cod
e.tex
File: pgfcoreimage.code.tex 2013/07/15  (rcs-revision 1.18)

(/usr/local/texlive/2017/texmf-dist/tex/generic/pgf/basiclayer/pgfcoreexternal.
code.tex
File: pgfcoreexternal.code.tex 2014/07/09  (rcs-revision 1.21)
\pgfexternal@startupbox=\box55
))
(/usr/local/texlive/2017/texmf-dist/tex/generic/pgf/basiclayer/pgfcorelayers.co
de.tex
File: pgfcorelayers.code.tex 2013/07/18  (rcs-revision 1.7)
)
(/usr/local/texlive/2017/texmf-dist/tex/generic/pgf/basiclayer/pgfcoretranspare
ncy.code.tex
File: pgfcoretransparency.code.tex 2013/09/30  (rcs-revision 1.5)
)
(/usr/local/texlive/2017/texmf-dist/tex/generic/pgf/basiclayer/pgfcorepatterns.
code.tex
File: pgfcorepatterns.code.tex 2013/11/07  (rcs-revision 1.5)
)))
(/usr/local/texlive/2017/texmf-dist/tex/generic/pgf/modules/pgfmoduleshapes.cod
e.tex
File: pgfmoduleshapes.code.tex 2014/03/21  (rcs-revision 1.35)
\pgfnodeparttextbox=\box56
)
(/usr/local/texlive/2017/texmf-dist/tex/generic/pgf/modules/pgfmoduleplot.code.
tex
File: pgfmoduleplot.code.tex 2015/08/03  (rcs-revision 1.13)
)
(/usr/local/texlive/2017/texmf-dist/tex/latex/pgf/compatibility/pgfcomp-version
-0-65.sty
Package: pgfcomp-version-0-65 2007/07/03 v3.0.1a (rcs-revision 1.7)
\pgf@nodesepstart=\dimen265
\pgf@nodesepend=\dimen266
)
(/usr/local/texlive/2017/texmf-dist/tex/latex/pgf/compatibility/pgfcomp-version
-1-18.sty
Package: pgfcomp-version-1-18 2007/07/23 v3.0.1a (rcs-revision 1.1)
))
(/usr/local/texlive/2017/texmf-dist/tex/latex/pgf/utilities/pgffor.sty
(/usr/local/texlive/2017/texmf-dist/tex/latex/pgf/utilities/pgfkeys.sty
(/usr/local/texlive/2017/texmf-dist/tex/generic/pgf/utilities/pgfkeys.code.tex)
) (/usr/local/texlive/2017/texmf-dist/tex/latex/pgf/math/pgfmath.sty
(/usr/local/texlive/2017/texmf-dist/tex/generic/pgf/math/pgfmath.code.tex))
(/usr/local/texlive/2017/texmf-dist/tex/generic/pgf/utilities/pgffor.code.tex
Package: pgffor 2013/12/13 v3.0.1a (rcs-revision 1.25)

(/usr/local/texlive/2017/texmf-dist/tex/generic/pgf/math/pgfmath.code.tex)
\pgffor@iter=\dimen267
\pgffor@skip=\dimen268
\pgffor@stack=\toks37
\pgffor@toks=\toks38
))
(/usr/local/texlive/2017/texmf-dist/tex/generic/pgf/frontendlayer/tikz/tikz.cod
e.tex
Package: tikz 2015/08/07 v3.0.1a (rcs-revision 1.151)

(/usr/local/texlive/2017/texmf-dist/tex/generic/pgf/libraries/pgflibraryplothan
dlers.code.tex
File: pgflibraryplothandlers.code.tex 2013/08/31 v3.0.1a (rcs-revision 1.20)
\pgf@plot@mark@count=\count169
\pgfplotmarksize=\dimen269
)
\tikz@lastx=\dimen270
\tikz@lasty=\dimen271
\tikz@lastxsaved=\dimen272
\tikz@lastysaved=\dimen273
\tikzleveldistance=\dimen274
\tikzsiblingdistance=\dimen275
\tikz@figbox=\box57
\tikz@figbox@bg=\box58
\tikz@tempbox=\box59
\tikz@tempbox@bg=\box60
\tikztreelevel=\count170
\tikznumberofchildren=\count171
\tikznumberofcurrentchild=\count172
\tikz@fig@count=\count173

(/usr/local/texlive/2017/texmf-dist/tex/generic/pgf/modules/pgfmodulematrix.cod
e.tex
File: pgfmodulematrix.code.tex 2013/09/17  (rcs-revision 1.8)
\pgfmatrixcurrentrow=\count174
\pgfmatrixcurrentcolumn=\count175
\pgf@matrix@numberofcolumns=\count176
)
\tikz@expandcount=\count177

(/usr/local/texlive/2017/texmf-dist/tex/generic/pgf/frontendlayer/tikz/librarie
s/tikzlibrarytopaths.code.tex
File: tikzlibrarytopaths.code.tex 2008/06/17 v3.0.1a (rcs-revision 1.2)
)))
(/usr/local/texlive/2017/texmf-dist/tex/latex/mdframed/md-frame-1.mdf
File: md-frame-1.mdf 2013/07/01\ 1.9b: md-frame-1
)
\mdf@frametitlebox=\box61
\mdf@footnotebox=\box62
\mdf@splitbox@one=\box63
\mdf@splitbox@two=\box64
\mdf@splitbox@save=\box65
\mdfsplitboxwidth=\skip97
\mdfsplitboxtotalwidth=\skip98
\mdfsplitboxheight=\skip99
\mdfsplitboxdepth=\skip100
\mdfsplitboxtotalheight=\skip101
\mdfframetitleboxwidth=\skip102
\mdfframetitleboxtotalwidth=\skip103
\mdfframetitleboxheight=\skip104
\mdfframetitleboxdepth=\skip105
\mdfframetitleboxtotalheight=\skip106
\mdffootnoteboxwidth=\skip107
\mdffootnoteboxtotalwidth=\skip108
\mdffootnoteboxheight=\skip109
\mdffootnoteboxdepth=\skip110
\mdffootnoteboxtotalheight=\skip111
\mdftotallinewidth=\skip112
\mdfboundingboxwidth=\skip113
\mdfboundingboxtotalwidth=\skip114
\mdfboundingboxheight=\skip115
\mdfboundingboxdepth=\skip116
\mdfboundingboxtotalheight=\skip117
\mdf@freevspace@length=\skip118
\mdf@horizontalwidthofbox@length=\skip119
\mdf@verticalmarginwhole@length=\skip120
\mdf@horizontalspaceofbox=\skip121
\mdfsubtitleheight=\skip122
\mdfsubsubtitleheight=\skip123
\c@mdfcountframes=\count178

****** mdframed patching \endmdf@trivlist

****** -- success******

.................................................
. LaTeX info: "xparse/define-command"
. 
. Defining command \newmdtheoremenv with sig. 'O{} m o m o ' on line 601.
.................................................
.................................................
. LaTeX info: "xparse/define-command"
. 
. Defining command \mdtheorem with sig. ' O{} m o m o ' on line 701.
.................................................
\mdf@envdepth=\count179
\c@mdf@env@i=\count180
\c@mdf@env@ii=\count181
\c@mdf@zref@counter=\count182
Package zref Info: New property: mdf@pagevalue on input line 895.
)
(/usr/local/texlive/2017/texmf-dist/tex/latex/titling/titling.sty
Package: titling 2009/09/04 v2.1d maketitle typesetting
\thanksmarkwidth=\skip124
\thanksmargin=\skip125
\droptitle=\skip126
)
(./a1654797_finalrhep.aux)
\openout1 = `a1654797_finalrhep.aux'.

LaTeX Font Info:    Checking defaults for OML/cmm/m/it on input line 42.
LaTeX Font Info:    ... okay on input line 42.
LaTeX Font Info:    Checking defaults for T1/cmr/m/n on input line 42.
LaTeX Font Info:    ... okay on input line 42.
LaTeX Font Info:    Checking defaults for OT1/cmr/m/n on input line 42.
LaTeX Font Info:    ... okay on input line 42.
LaTeX Font Info:    Checking defaults for OMS/cmsy/m/n on input line 42.
LaTeX Font Info:    ... okay on input line 42.
LaTeX Font Info:    Checking defaults for OMX/cmex/m/n on input line 42.
LaTeX Font Info:    ... okay on input line 42.
LaTeX Font Info:    Checking defaults for U/cmr/m/n on input line 42.
LaTeX Font Info:    ... okay on input line 42.

*geometry* driver: auto-detecting
*geometry* detected driver: pdftex
*geometry* verbose mode - [ preamble ] result:
* driver: pdftex
* paper: <default>
* layout: <same size as paper>
* layoutoffset:(h,v)=(0.0pt,0.0pt)
* modes: 
* h-part:(L,W,R)=(68.28644pt, 477.72212pt, 68.28644pt)
* v-part:(T,H,B)=(68.28644pt, 658.39711pt, 68.28644pt)
* \paperwidth=614.295pt
* \paperheight=794.96999pt
* \textwidth=477.72212pt
* \textheight=658.39711pt
* \oddsidemargin=-3.98355pt
* \evensidemargin=-3.98355pt
* \topmargin=-40.98355pt
* \headheight=12.0pt
* \headsep=25.0pt
* \topskip=12.0pt
* \footskip=30.0pt
* \marginparwidth=44.0pt
* \marginparsep=10.0pt
* \columnsep=10.0pt
* \skip\footins=10.8pt plus 4.0pt minus 2.0pt
* \hoffset=0.0pt
* \voffset=0.0pt
* \mag=1000
* \@twocolumnfalse
* \@twosidefalse
* \@mparswitchfalse
* \@reversemarginfalse
* (1in=72.27pt=25.4mm, 1cm=28.453pt)

LaTeX Info: Redefining \celsius on input line 42.
Package gensymb Info: Faking symbols for \degree and \celsius on input line 42.


Package gensymb Warning: Not defining \perthousand.

LaTeX Info: Redefining \ohm on input line 42.
Package gensymb Info: Using \Omega for \ohm on input line 42.

Package gensymb Warning: Not defining \micro.

(/usr/local/texlive/2017/texmf-dist/tex/context/base/mkii/supp-pdf.mkii
[Loading MPS to PDF converter (version 2006.09.02).]
\scratchcounter=\count183
\scratchdimen=\dimen276
\scratchbox=\box66
\nofMPsegments=\count184
\nofMParguments=\count185
\everyMPshowfont=\toks39
\MPscratchCnt=\count186
\MPscratchDim=\dimen277
\MPnumerator=\count187
\makeMPintoPDFobject=\count188
\everyMPtoPDFconversion=\toks40
) (/usr/local/texlive/2017/texmf-dist/tex/latex/oberdiek/epstopdf-base.sty
Package: epstopdf-base 2016/05/15 v2.6 Base part for package epstopdf

(/usr/local/texlive/2017/texmf-dist/tex/latex/oberdiek/grfext.sty
Package: grfext 2016/05/16 v1.2 Manage graphics extensions (HO)
)
Package epstopdf-base Info: Redefining graphics rule for `.eps' on input line 4
38.
Package grfext Info: Graphics extension search list:
(grfext)             [.png,.pdf,.jpg,.mps,.jpeg,.jbig2,.jb2,.PNG,.PDF,.JPG,.JPE
G,.JBIG2,.JB2,.eps]
(grfext)             \AppendGraphicsExtensions on input line 456.

(/usr/local/texlive/2017/texmf-dist/tex/latex/latexconfig/epstopdf-sys.cfg
File: epstopdf-sys.cfg 2010/07/13 v1.3 Configuration of (r)epstopdf for TeX Liv
e
))
\AtBeginShipoutBox=\box67

(/usr/local/texlive/2017/texmf-dist/tex/latex/oberdiek/pdflscape.sty
Package: pdflscape 2016/05/14 v0.11 Display of landscape pages in PDF (HO)
Package pdflscape Info: Auto-detected driver: pdftex on input line 81.
)
Package caption Info: Begin \AtBeginDocument code.
Package caption Info: End \AtBeginDocument code.

ABD: EveryShipout initializing macros [1

{/usr/local/texlive/2017/texmf-var/fonts/map/pdftex/updmap/pdftex.map}]
Overfull \hbox (17.79599pt too wide) in paragraph at lines 60--61
[]\OT1/cmr/m/it/12 DHODH \OT1/cmr/m/n/12 gene con-tains nine ex-ons that en-cod
e a 43-kDa pro-tein de-hy-drooro-tate de-hy-dro-ge-nase
 []

[2] <Pictures/inhibition.png, id=16, 625.33624pt x 341.275pt>
File: Pictures/inhibition.png Graphic file (type png)

<use Pictures/inhibition.png>
Package pdftex.def Info: Pictures/inhibition.png used on input line 68.
(pdftex.def)             Requested size: 262.74861pt x 143.397pt.
 [3 <./Pictures/inhibition.png>]
Overfull \hbox (23.1612pt too wide) in paragraph at lines 80--81
\OT1/cmr/m/n/12 MS di-ag-nose is as-so-ci-ated with de-fec-tive cran-io-fa-cial
 and limb de-vel-op-ment. In-ter-nal mal-for-ma-tions
 []


Overfull \hbox (1.30634pt too wide) in paragraph at lines 80--81
\OT1/cmr/m/n/12 are un-com-mon in MS pa-tients (Rainger et al., 2012), im-ply-i
ng that the de-vel-op-men-tal path-ways
 []

[4] [5] <Pictures/proposed_mechanism.png, id=28, 1005.7575pt x 823.075pt>
File: Pictures/proposed_mechanism.png Graphic file (type png)

<use Pictures/proposed_mechanism.png>
Package pdftex.def Info: Pictures/proposed_mechanism.png used on input line 95.

(pdftex.def)             Requested size: 334.40402pt x 273.66272pt.

<Pictures/flowchart9.jpg, id=29, 818.05624pt x 566.115pt>
File: Pictures/flowchart9.jpg Graphic file (type jpg)

<use Pictures/flowchart9.jpg>
Package pdftex.def Info: Pictures/flowchart9.jpg used on input line 109.
(pdftex.def)             Requested size: 453.83455pt x 314.06796pt.
 [6 <./Pictures/proposed_mechanism.png>]
Overfull \hbox (25.77809pt too wide) in paragraph at lines 121--128
 [][] 
 []


Overfull \hbox (2.0428pt too wide) in paragraph at lines 130--131
[]\OT1/cmr/m/n/12 The em-bryos will be ob-tained by timed mat-ing; the morn-ing
 of the vagi-nal plug is con-sid-ered
 []

[7 <./Pictures/flowchart9.jpg>]
LaTeX Font Info:    Try loading font information for OT1+pcr on input line 144.


(/usr/local/texlive/2017/texmf-dist/tex/latex/psnfss/ot1pcr.fd
File: ot1pcr.fd 2001/06/04 font definitions for OT1/pcr.
)
LaTeX Font Info:    Font shape `OT1/pcr/bx/n' in size <10> not available
(Font)              Font shape `OT1/pcr/b/n' tried instead on input line 144.

Overfull \hbox (60.66727pt too wide) in paragraph at lines 142--147
 [][] 
 []

<Pictures/crispr.png, id=39, 707.64375pt x 421.575pt>
File: Pictures/crispr.png Graphic file (type png)

<use Pictures/crispr.png>
Package pdftex.def Info: Pictures/crispr.png used on input line 152.
(pdftex.def)             Requested size: 477.72212pt x 284.6023pt.

Overfull \hbox (40.19716pt too wide) in paragraph at lines 136--156
\OT1/cmr/m/n/12 mu-ta-tions in mice (Kuhn et al., 2012). Guide RNA (gR-NAs) and
 single-stranded oligodeoxynu-cleotides
 []

[8] [9 <./Pictures/crispr.png>]
Overfull \hbox (4.39787pt too wide) in paragraph at lines 164--165
\OT1/cmr/m/n/12 skele-tal stain-ing. Nor-mal Mendelian fre-quen-cies are ex-pec
ted: $\OML/cmm/m/it/12 Dhodh[]$\OT1/cmr/m/n/12 , $\OML/cmm/m/it/12 Dhodh[]$
 []

[10]
Overfull \hbox (15.1263pt too wide) in paragraph at lines 172--173
 \OT1/cmr/bx/n/12 Hy-poth-e-sis:[] \OT1/cmr/m/n/12 p53 lev-els will show a spa-
tiotem-po-ral in-crease af-ter E10.5 dur-ing mouse em-bry-onic
 []


Overfull \hbox (3.93549pt too wide) in paragraph at lines 176--177
\OT1/cmr/m/n/12 Pro-to-col for Iso-la-tion of To-tal RNA from An-i-mal Tis-sues
 (Qi-a-gen), fol-low-ing the man-u-fac-turer's
 []

[11] [12]
Overfull \hbox (2.42569pt too wide) in paragraph at lines 199--200
\OT1/cmr/m/n/12 as de-scribed in Ex-peir-ment 1, will be treated with pifithrin
-$\OML/cmm/m/it/12 $ \OT1/cmr/m/n/12 (Alexis Bio-chem-i-cals) as de-scribed
 []


Overfull \hbox (4.97853pt too wide) in paragraph at lines 202--203
\OT1/cmr/m/n/12 dif-fer-en-ti-a-tion mark-ers \OT1/cmr/m/it/12 BSP, os-teonecti
n \OT1/cmr/m/n/12 and \OT1/cmr/m/it/12 os-teo-pon-tin \OT1/cmr/m/n/12 will be a
nal-ysed us-ing spe-cific primers.
 []

Missing character: There is no â in font cmr12!
Missing character: There is no € in font cmr12!
Missing character: There is no ™ in font cmr12!
[13] [14] [15]

LaTeX Warning: No positions in optional float specifier.
               Default added (so using `tbp') on input line 227.

Missing character: There is no Î in font cmr12!
Missing character: There is no ” in font cmr12!
[16]

pdfTeX warning: /Library/TeX/texbin/pdflatex (file ./pdfs/reading5.pdf): PDF in
clusion: found PDF version <1.6>, but at most version <1.5> allowed
<pdfs/reading5.pdf, id=75, 597.50829pt x 802.36763pt>
File: pdfs/reading5.pdf Graphic file (type pdf)
 <use pdfs/reading5.pdf>
Package pdftex.def Info: pdfs/reading5.pdf used on input line 254.
(pdftex.def)             Requested size: 597.50682pt x 802.36566pt.


pdfTeX warning: /Library/TeX/texbin/pdflatex (file ./pdfs/reading5.pdf): PDF in
clusion: found PDF version <1.6>, but at most version <1.5> allowed
File: pdfs/reading5.pdf Graphic file (type pdf)
<use pdfs/reading5.pdf>
Package pdftex.def Info: pdfs/reading5.pdf used on input line 254.
(pdftex.def)             Requested size: 597.50682pt x 802.36566pt.


pdfTeX warning: /Library/TeX/texbin/pdflatex (file ./pdfs/reading5.pdf): PDF in
clusion: found PDF version <1.6>, but at most version <1.5> allowed


pdfTeX warning: /Library/TeX/texbin/pdflatex (file ./pdfs/reading5.pdf): PDF in
clusion: found PDF version <1.6>, but at most version <1.5> allowed
<pdfs/reading5.pdf, id=78, page=1, 597.50829pt x 802.36763pt>
File: pdfs/reading5.pdf Graphic file (type pdf)

<use pdfs/reading5.pdf, page 1>
Package pdftex.def Info: pdfs/reading5.pdf, page1 used on input line 254.
(pdftex.def)             Requested size: 597.50682pt x 802.36566pt.
File: pdfs/reading5.pdf Graphic file (type pdf)
 <use pdfs/reading5.pdf, page 1>
Package pdftex.def Info: pdfs/reading5.pdf, page1 used on input line 254.
(pdftex.def)             Requested size: 592.2644pt x 795.32585pt.
 [17


]
File: pdfs/reading5.pdf Graphic file (type pdf)

<use pdfs/reading5.pdf, page 1>
Package pdftex.def Info: pdfs/reading5.pdf, page1 used on input line 254.
(pdftex.def)             Requested size: 592.2644pt x 795.32585pt.
File: pdfs/reading5.pdf Graphic file (type pdf)
 <use pdfs/reading5.pdf, page 1>
Package pdftex.def Info: pdfs/reading5.pdf, page1 used on input line 254.
(pdftex.def)             Requested size: 592.2644pt x 795.32585pt.
File: pdfs/reading5.pdf Graphic file (type pdf)

<use pdfs/reading5.pdf, page 1>
Package pdftex.def Info: pdfs/reading5.pdf, page1 used on input line 254.
(pdftex.def)             Requested size: 592.2644pt x 795.32585pt.
 [18 <./pdfs/reading5.pdf>]

pdfTeX warning: /Library/TeX/texbin/pdflatex (file ./pdfs/reading5.pdf): PDF in
clusion: found PDF version <1.6>, but at most version <1.5> allowed
<pdfs/reading5.pdf, id=126, page=2, 597.50829pt x 802.36763pt>
File: pdfs/reading5.pdf Graphic file (type pdf)

<use pdfs/reading5.pdf, page 2>
Package pdftex.def Info: pdfs/reading5.pdf, page2 used on input line 254.
(pdftex.def)             Requested size: 592.2644pt x 795.32585pt.
File: pdfs/reading5.pdf Graphic file (type pdf)
 <use pdfs/reading5.pdf, page 2>
Package pdftex.def Info: pdfs/reading5.pdf, page2 used on input line 254.
(pdftex.def)             Requested size: 592.2644pt x 795.32585pt.
File: pdfs/reading5.pdf Graphic file (type pdf)

<use pdfs/reading5.pdf, page 2>
Package pdftex.def Info: pdfs/reading5.pdf, page2 used on input line 254.
(pdftex.def)             Requested size: 592.2644pt x 795.32585pt.
 [19 <./pdfs/reading5.pdf>]

pdfTeX warning: /Library/TeX/texbin/pdflatex (file ./pdfs/reading5.pdf): PDF in
clusion: found PDF version <1.6>, but at most version <1.5> allowed
<pdfs/reading5.pdf, id=149, page=3, 597.50829pt x 802.36763pt>
File: pdfs/reading5.pdf Graphic file (type pdf)

<use pdfs/reading5.pdf, page 3>
Package pdftex.def Info: pdfs/reading5.pdf, page3 used on input line 254.
(pdftex.def)             Requested size: 592.2644pt x 795.32585pt.
File: pdfs/reading5.pdf Graphic file (type pdf)
 <use pdfs/reading5.pdf, page 3>
Package pdftex.def Info: pdfs/reading5.pdf, page3 used on input line 254.
(pdftex.def)             Requested size: 592.2644pt x 795.32585pt.
File: pdfs/reading5.pdf Graphic file (type pdf)

<use pdfs/reading5.pdf, page 3>
Package pdftex.def Info: pdfs/reading5.pdf, page3 used on input line 254.
(pdftex.def)             Requested size: 592.2644pt x 795.32585pt.
 [20 <./pdfs/reading5.pdf>]

pdfTeX warning: /Library/TeX/texbin/pdflatex (file ./pdfs/reading5.pdf): PDF in
clusion: found PDF version <1.6>, but at most version <1.5> allowed
<pdfs/reading5.pdf, id=156, page=4, 597.50829pt x 802.36763pt>
File: pdfs/reading5.pdf Graphic file (type pdf)

<use pdfs/reading5.pdf, page 4>
Package pdftex.def Info: pdfs/reading5.pdf, page4 used on input line 254.
(pdftex.def)             Requested size: 592.2644pt x 795.32585pt.
File: pdfs/reading5.pdf Graphic file (type pdf)
 <use pdfs/reading5.pdf, page 4>
Package pdftex.def Info: pdfs/reading5.pdf, page4 used on input line 254.
(pdftex.def)             Requested size: 592.2644pt x 795.32585pt.
File: pdfs/reading5.pdf Graphic file (type pdf)

<use pdfs/reading5.pdf, page 4>
Package pdftex.def Info: pdfs/reading5.pdf, page4 used on input line 254.
(pdftex.def)             Requested size: 592.2644pt x 795.32585pt.
 [21 <./pdfs/reading5.pdf>]

pdfTeX warning: /Library/TeX/texbin/pdflatex (file ./pdfs/reading5.pdf): PDF in
clusion: found PDF version <1.6>, but at most version <1.5> allowed
<pdfs/reading5.pdf, id=161, page=5, 597.50829pt x 802.36763pt>
File: pdfs/reading5.pdf Graphic file (type pdf)

<use pdfs/reading5.pdf, page 5>
Package pdftex.def Info: pdfs/reading5.pdf, page5 used on input line 254.
(pdftex.def)             Requested size: 592.2644pt x 795.32585pt.
File: pdfs/reading5.pdf Graphic file (type pdf)
 <use pdfs/reading5.pdf, page 5>
Package pdftex.def Info: pdfs/reading5.pdf, page5 used on input line 254.
(pdftex.def)             Requested size: 592.2644pt x 795.32585pt.
File: pdfs/reading5.pdf Graphic file (type pdf)

<use pdfs/reading5.pdf, page 5>
Package pdftex.def Info: pdfs/reading5.pdf, page5 used on input line 254.
(pdftex.def)             Requested size: 592.2644pt x 795.32585pt.
 [22 <./pdfs/reading5.pdf>]

pdfTeX warning: /Library/TeX/texbin/pdflatex (file ./pdfs/reading1.pdf): PDF in
clusion: found PDF version <1.6>, but at most version <1.5> allowed
<pdfs/reading1.pdf, id=168, 597.50829pt x 793.83177pt>
File: pdfs/reading1.pdf Graphic file (type pdf)
 <use pdfs/reading1.pdf>
Package pdftex.def Info: pdfs/reading1.pdf used on input line 255.
(pdftex.def)             Requested size: 597.50682pt x 793.82983pt.


pdfTeX warning: /Library/TeX/texbin/pdflatex (file ./pdfs/reading1.pdf): PDF in
clusion: found PDF version <1.6>, but at most version <1.5> allowed
File: pdfs/reading1.pdf Graphic file (type pdf)
<use pdfs/reading1.pdf>
Package pdftex.def Info: pdfs/reading1.pdf used on input line 255.
(pdftex.def)             Requested size: 597.50682pt x 793.82983pt.


pdfTeX warning: /Library/TeX/texbin/pdflatex (file ./pdfs/reading1.pdf): PDF in
clusion: found PDF version <1.6>, but at most version <1.5> allowed


pdfTeX warning: /Library/TeX/texbin/pdflatex (file ./pdfs/reading1.pdf): PDF in
clusion: found PDF version <1.6>, but at most version <1.5> allowed
<pdfs/reading1.pdf, id=171, page=1, 597.50829pt x 793.83177pt>
File: pdfs/reading1.pdf Graphic file (type pdf)

<use pdfs/reading1.pdf, page 1>
Package pdftex.def Info: pdfs/reading1.pdf, page1 used on input line 255.
(pdftex.def)             Requested size: 597.50682pt x 793.82983pt.
File: pdfs/reading1.pdf Graphic file (type pdf)
 <use pdfs/reading1.pdf, page 1>
Package pdftex.def Info: pdfs/reading1.pdf, page1 used on input line 255.
(pdftex.def)             Requested size: 598.98381pt x 795.79211pt.
File: pdfs/reading1.pdf Graphic file (type pdf)

<use pdfs/reading1.pdf, page 1>
Package pdftex.def Info: pdfs/reading1.pdf, page1 used on input line 255.
(pdftex.def)             Requested size: 598.98381pt x 795.79211pt.
File: pdfs/reading1.pdf Graphic file (type pdf)
 <use pdfs/reading1.pdf, page 1>
Package pdftex.def Info: pdfs/reading1.pdf, page1 used on input line 255.
(pdftex.def)             Requested size: 598.98381pt x 795.79211pt.
File: pdfs/reading1.pdf Graphic file (type pdf)

<use pdfs/reading1.pdf, page 1>
Package pdftex.def Info: pdfs/reading1.pdf, page1 used on input line 255.
(pdftex.def)             Requested size: 598.98381pt x 795.79211pt.
 [23 <./pdfs/reading1.pdf>]

pdfTeX warning: /Library/TeX/texbin/pdflatex (file ./pdfs/reading1.pdf): PDF in
clusion: found PDF version <1.6>, but at most version <1.5> allowed
<pdfs/reading1.pdf, id=222, page=2, 597.50829pt x 793.83177pt>
File: pdfs/reading1.pdf Graphic file (type pdf)

<use pdfs/reading1.pdf, page 2>
Package pdftex.def Info: pdfs/reading1.pdf, page2 used on input line 255.
(pdftex.def)             Requested size: 598.98381pt x 795.79211pt.
File: pdfs/reading1.pdf Graphic file (type pdf)
 <use pdfs/reading1.pdf, page 2>
Package pdftex.def Info: pdfs/reading1.pdf, page2 used on input line 255.
(pdftex.def)             Requested size: 598.98381pt x 795.79211pt.
File: pdfs/reading1.pdf Graphic file (type pdf)

<use pdfs/reading1.pdf, page 2>
Package pdftex.def Info: pdfs/reading1.pdf, page2 used on input line 255.
(pdftex.def)             Requested size: 598.98381pt x 795.79211pt.
 [24 <./pdfs/reading1.pdf>]

pdfTeX warning: /Library/TeX/texbin/pdflatex (file ./pdfs/reading1.pdf): PDF in
clusion: found PDF version <1.6>, but at most version <1.5> allowed
<pdfs/reading1.pdf, id=239, page=3, 597.50829pt x 793.77455pt>
File: pdfs/reading1.pdf Graphic file (type pdf)

<use pdfs/reading1.pdf, page 3>
Package pdftex.def Info: pdfs/reading1.pdf, page3 used on input line 255.
(pdftex.def)             Requested size: 598.98381pt x 795.73476pt.
File: pdfs/reading1.pdf Graphic file (type pdf)
 <use pdfs/reading1.pdf, page 3>
Package pdftex.def Info: pdfs/reading1.pdf, page3 used on input line 255.
(pdftex.def)             Requested size: 598.98381pt x 795.73476pt.
File: pdfs/reading1.pdf Graphic file (type pdf)

<use pdfs/reading1.pdf, page 3>
Package pdftex.def Info: pdfs/reading1.pdf, page3 used on input line 255.
(pdftex.def)             Requested size: 598.98381pt x 795.73476pt.
 [25 <./pdfs/reading1.pdf>]

pdfTeX warning: /Library/TeX/texbin/pdflatex (file ./pdfs/reading1.pdf): PDF in
clusion: found PDF version <1.6>, but at most version <1.5> allowed
<pdfs/reading1.pdf, id=245, page=4, 597.50829pt x 793.77455pt>
File: pdfs/reading1.pdf Graphic file (type pdf)

<use pdfs/reading1.pdf, page 4>
Package pdftex.def Info: pdfs/reading1.pdf, page4 used on input line 255.
(pdftex.def)             Requested size: 598.98381pt x 795.73476pt.
File: pdfs/reading1.pdf Graphic file (type pdf)
 <use pdfs/reading1.pdf, page 4>
Package pdftex.def Info: pdfs/reading1.pdf, page4 used on input line 255.
(pdftex.def)             Requested size: 598.98381pt x 795.73476pt.
File: pdfs/reading1.pdf Graphic file (type pdf)

<use pdfs/reading1.pdf, page 4>
Package pdftex.def Info: pdfs/reading1.pdf, page4 used on input line 255.
(pdftex.def)             Requested size: 598.98381pt x 795.73476pt.
 [26 <./pdfs/reading1.pdf>]

pdfTeX warning: /Library/TeX/texbin/pdflatex (file ./pdfs/reading1.pdf): PDF in
clusion: found PDF version <1.6>, but at most version <1.5> allowed
<pdfs/reading1.pdf, id=254, page=5, 597.50829pt x 793.77455pt>
File: pdfs/reading1.pdf Graphic file (type pdf)

<use pdfs/reading1.pdf, page 5>
Package pdftex.def Info: pdfs/reading1.pdf, page5 used on input line 255.
(pdftex.def)             Requested size: 598.98381pt x 795.73476pt.
File: pdfs/reading1.pdf Graphic file (type pdf)
 <use pdfs/reading1.pdf, page 5>
Package pdftex.def Info: pdfs/reading1.pdf, page5 used on input line 255.
(pdftex.def)             Requested size: 598.98381pt x 795.73476pt.
File: pdfs/reading1.pdf Graphic file (type pdf)

<use pdfs/reading1.pdf, page 5>
Package pdftex.def Info: pdfs/reading1.pdf, page5 used on input line 255.
(pdftex.def)             Requested size: 598.98381pt x 795.73476pt.
 [27 <./pdfs/reading1.pdf>]

pdfTeX warning: /Library/TeX/texbin/pdflatex (file ./pdfs/reading1.pdf): PDF in
clusion: found PDF version <1.6>, but at most version <1.5> allowed
<pdfs/reading1.pdf, id=261, page=6, 597.50829pt x 793.77455pt>
File: pdfs/reading1.pdf Graphic file (type pdf)

<use pdfs/reading1.pdf, page 6>
Package pdftex.def Info: pdfs/reading1.pdf, page6 used on input line 255.
(pdftex.def)             Requested size: 598.98381pt x 795.73476pt.
File: pdfs/reading1.pdf Graphic file (type pdf)
 <use pdfs/reading1.pdf, page 6>
Package pdftex.def Info: pdfs/reading1.pdf, page6 used on input line 255.
(pdftex.def)             Requested size: 598.98381pt x 795.73476pt.
File: pdfs/reading1.pdf Graphic file (type pdf)

<use pdfs/reading1.pdf, page 6>
Package pdftex.def Info: pdfs/reading1.pdf, page6 used on input line 255.
(pdftex.def)             Requested size: 598.98381pt x 795.73476pt.
 [28 <./pdfs/reading1.pdf>]

pdfTeX warning: /Library/TeX/texbin/pdflatex (file ./pdfs/reading1.pdf): PDF in
clusion: found PDF version <1.6>, but at most version <1.5> allowed
<pdfs/reading1.pdf, id=266, page=7, 597.50829pt x 793.77455pt>
File: pdfs/reading1.pdf Graphic file (type pdf)

<use pdfs/reading1.pdf, page 7>
Package pdftex.def Info: pdfs/reading1.pdf, page7 used on input line 255.
(pdftex.def)             Requested size: 598.98381pt x 795.73476pt.
File: pdfs/reading1.pdf Graphic file (type pdf)
 <use pdfs/reading1.pdf, page 7>
Package pdftex.def Info: pdfs/reading1.pdf, page7 used on input line 255.
(pdftex.def)             Requested size: 598.98381pt x 795.73476pt.
File: pdfs/reading1.pdf Graphic file (type pdf)

<use pdfs/reading1.pdf, page 7>
Package pdftex.def Info: pdfs/reading1.pdf, page7 used on input line 255.
(pdftex.def)             Requested size: 598.98381pt x 795.73476pt.
 [29 <./pdfs/reading1.pdf>]

pdfTeX warning: /Library/TeX/texbin/pdflatex (file ./pdfs/reading1.pdf): PDF in
clusion: found PDF version <1.6>, but at most version <1.5> allowed
<pdfs/reading1.pdf, id=277, page=8, 597.50829pt x 793.77455pt>
File: pdfs/reading1.pdf Graphic file (type pdf)

<use pdfs/reading1.pdf, page 8>
Package pdftex.def Info: pdfs/reading1.pdf, page8 used on input line 255.
(pdftex.def)             Requested size: 598.98381pt x 795.73476pt.
File: pdfs/reading1.pdf Graphic file (type pdf)
 <use pdfs/reading1.pdf, page 8>
Package pdftex.def Info: pdfs/reading1.pdf, page8 used on input line 255.
(pdftex.def)             Requested size: 598.98381pt x 795.73476pt.
File: pdfs/reading1.pdf Graphic file (type pdf)

<use pdfs/reading1.pdf, page 8>
Package pdftex.def Info: pdfs/reading1.pdf, page8 used on input line 255.
(pdftex.def)             Requested size: 598.98381pt x 795.73476pt.
 [30 <./pdfs/reading1.pdf>]

pdfTeX warning: /Library/TeX/texbin/pdflatex (file ./pdfs/reading1.pdf): PDF in
clusion: found PDF version <1.6>, but at most version <1.5> allowed
<pdfs/reading1.pdf, id=291, page=9, 597.50829pt x 793.77455pt>
File: pdfs/reading1.pdf Graphic file (type pdf)

<use pdfs/reading1.pdf, page 9>
Package pdftex.def Info: pdfs/reading1.pdf, page9 used on input line 255.
(pdftex.def)             Requested size: 598.98381pt x 795.73476pt.
File: pdfs/reading1.pdf Graphic file (type pdf)
 <use pdfs/reading1.pdf, page 9>
Package pdftex.def Info: pdfs/reading1.pdf, page9 used on input line 255.
(pdftex.def)             Requested size: 598.98381pt x 795.73476pt.
File: pdfs/reading1.pdf Graphic file (type pdf)

<use pdfs/reading1.pdf, page 9>
Package pdftex.def Info: pdfs/reading1.pdf, page9 used on input line 255.
(pdftex.def)             Requested size: 598.98381pt x 795.73476pt.
 [31 <./pdfs/reading1.pdf>]

pdfTeX warning: /Library/TeX/texbin/pdflatex (file ./pdfs/reading1.pdf): PDF in
clusion: found PDF version <1.6>, but at most version <1.5> allowed
<pdfs/reading1.pdf, id=296, page=10, 597.50829pt x 793.77455pt>
File: pdfs/reading1.pdf Graphic file (type pdf)

<use pdfs/reading1.pdf, page 10>
Package pdftex.def Info: pdfs/reading1.pdf, page10 used on input line 255.
(pdftex.def)             Requested size: 598.98381pt x 795.73476pt.
File: pdfs/reading1.pdf Graphic file (type pdf)
 <use pdfs/reading1.pdf, page 10>
Package pdftex.def Info: pdfs/reading1.pdf, page10 used on input line 255.
(pdftex.def)             Requested size: 598.98381pt x 795.73476pt.
File: pdfs/reading1.pdf Graphic file (type pdf)

<use pdfs/reading1.pdf, page 10>
Package pdftex.def Info: pdfs/reading1.pdf, page10 used on input line 255.
(pdftex.def)             Requested size: 598.98381pt x 795.73476pt.
 [32 <./pdfs/reading1.pdf>]
(./a1654797_finalrhep.bbl
Missing character: There is no Ã in font cmr12!
Missing character: There is no ¡ in font cmr12!
Missing character: There is no Ã in font cmr12!
Missing character: There is no ¡ in font cmr12!
 [33] [34]
Underfull \hbox (badness 2435) in paragraph at lines 153--157
[]\OT1/cmr/m/n/12 Leban, J. and Vitt, D. (2011).  Hu-man di-hy-drooro-tate de-h
y-dro-ge-nase in-hibitors,
 []


Underfull \hbox (badness 3271) in paragraph at lines 153--157
\OT1/cmr/m/n/12 a novel ap-proach for the treat-ment of au-toim-mune and in-fla
m-ma-tory dis-eases.
 []

[35]
Missing character: There is no Ã in font cmr12!
Missing character: There is no © in font cmr12!
Missing character: There is no â in font cmr12!
Missing character: There is no € in font cmr12!
Missing character: There is no “ in font cmr12!

Underfull \hbox (badness 1226) in paragraph at lines 210--215
\OT1/cmr/m/n/12 rep-re-sents a Clin-i-cally and Bio-chem-i-cally dis-tinct sub-
group of Postax-ial Acro-fa-cial
 []

[36] [37]) [38] (./a1654797_finalrhep.aux) ) 
Here is how much of TeX's memory you used:
 24311 strings out of 492995
 474650 string characters out of 6132704
 515951 words of memory out of 5000000
 27471 multiletter control sequences out of 15000+600000
 11537 words of font info for 42 fonts, out of 8000000 for 9000
 1141 hyphenation exceptions out of 8191
 72i,18n,92p,10428b,531s stack positions out of 5000i,500n,10000p,200000b,80000s
{/usr/local/texlive/2017/texmf-dist
/fonts/enc/dvips/base/8r.enc}</usr/local/texlive/2017/texmf-dist/fonts/type1/pu
blic/amsfonts/cm/cmbx12.pfb></usr/local/texlive/2017/texmf-dist/fonts/type1/pub
lic/amsfonts/cm/cmmi10.pfb></usr/local/texlive/2017/texmf-dist/fonts/type1/publ
ic/amsfonts/cm/cmmi12.pfb></usr/local/texlive/2017/texmf-dist/fonts/type1/publi
c/amsfonts/cm/cmmi8.pfb></usr/local/texlive/2017/texmf-dist/fonts/type1/public/
amsfonts/cm/cmr10.pfb></usr/local/texlive/2017/texmf-dist/fonts/type1/public/am
sfonts/cm/cmr12.pfb></usr/local/texlive/2017/texmf-dist/fonts/type1/public/amsf
onts/cm/cmr17.pfb></usr/local/texlive/2017/texmf-dist/fonts/type1/public/amsfon
ts/cm/cmr8.pfb></usr/local/texlive/2017/texmf-dist/fonts/type1/public/amsfonts/
cm/cmti12.pfb></usr/local/texlive/2017/texmf-dist/fonts/type1/urw/courier/ucrb8
a.pfb></usr/local/texlive/2017/texmf-dist/fonts/type1/urw/courier/ucrr8a.pfb>
Output written on a1654797_finalrhep.pdf (38 pages, 2956472 bytes).
PDF statistics:
 359 PDF objects out of 1000 (max. 8388607)
 221 compressed objects within 3 object streams
 0 named destinations out of 1000 (max. 500000)
 138 words of extra memory for PDF output out of 10000 (max. 10000000)

