This is pdfTeX, Version 3.14159265-2.6-1.40.18 (TeX Live 2017) (preloaded format=pdflatex 2017.7.24)  3 JAN 2018 17:40
entering extended mode
 restricted \write18 enabled.
 %&-line parsing enabled.
**prelimRHEP_a1654797.tex
(./prelimRHEP_a1654797.tex
LaTeX2e <2017-04-15>
Babel <3.10> and hyphenation patterns for 84 language(s) loaded.
(/usr/local/texlive/2017/texmf-dist/tex/latex/base/article.cls
Document Class: article 2014/09/29 v1.4h Standard LaTeX document class
(/usr/local/texlive/2017/texmf-dist/tex/latex/base/size12.clo
File: size12.clo 2014/09/29 v1.4h Standard LaTeX file (size option)
)
\c@part=\count79
\c@section=\count80
\c@subsection=\count81
\c@subsubsection=\count82
\c@paragraph=\count83
\c@subparagraph=\count84
\c@figure=\count85
\c@table=\count86
\abovecaptionskip=\skip41
\belowcaptionskip=\skip42
\bibindent=\dimen102
)
(/usr/local/texlive/2017/texmf-dist/tex/latex/geometry/geometry.sty
Package: geometry 2010/09/12 v5.6 Page Geometry

(/usr/local/texlive/2017/texmf-dist/tex/latex/graphics/keyval.sty
Package: keyval 2014/10/28 v1.15 key=value parser (DPC)
\KV@toks@=\toks14
)
(/usr/local/texlive/2017/texmf-dist/tex/generic/oberdiek/ifpdf.sty
Package: ifpdf 2017/03/15 v3.2 Provides the ifpdf switch
)
(/usr/local/texlive/2017/texmf-dist/tex/generic/oberdiek/ifvtex.sty
Package: ifvtex 2016/05/16 v1.6 Detect VTeX and its facilities (HO)
Package ifvtex Info: VTeX not detected.
)
(/usr/local/texlive/2017/texmf-dist/tex/generic/ifxetex/ifxetex.sty
Package: ifxetex 2010/09/12 v0.6 Provides ifxetex conditional
)
\Gm@cnth=\count87
\Gm@cntv=\count88
\c@Gm@tempcnt=\count89
\Gm@bindingoffset=\dimen103
\Gm@wd@mp=\dimen104
\Gm@odd@mp=\dimen105
\Gm@even@mp=\dimen106
\Gm@layoutwidth=\dimen107
\Gm@layoutheight=\dimen108
\Gm@layouthoffset=\dimen109
\Gm@layoutvoffset=\dimen110
\Gm@dimlist=\toks15
)
(/usr/local/texlive/2017/texmf-dist/tex/latex/graphics/graphicx.sty
Package: graphicx 2014/10/28 v1.0g Enhanced LaTeX Graphics (DPC,SPQR)

(/usr/local/texlive/2017/texmf-dist/tex/latex/graphics/graphics.sty
Package: graphics 2017/04/14 v1.1b Standard LaTeX Graphics (DPC,SPQR)

(/usr/local/texlive/2017/texmf-dist/tex/latex/graphics/trig.sty
Package: trig 2016/01/03 v1.10 sin cos tan (DPC)
)
(/usr/local/texlive/2017/texmf-dist/tex/latex/graphics-cfg/graphics.cfg
File: graphics.cfg 2016/06/04 v1.11 sample graphics configuration
)
Package graphics Info: Driver file: pdftex.def on input line 99.

(/usr/local/texlive/2017/texmf-dist/tex/latex/graphics-def/pdftex.def
File: pdftex.def 2017/01/12 v0.06k Graphics/color for pdfTeX

(/usr/local/texlive/2017/texmf-dist/tex/generic/oberdiek/infwarerr.sty
Package: infwarerr 2016/05/16 v1.4 Providing info/warning/error messages (HO)
)
(/usr/local/texlive/2017/texmf-dist/tex/generic/oberdiek/ltxcmds.sty
Package: ltxcmds 2016/05/16 v1.23 LaTeX kernel commands for general use (HO)
)
\Gread@gobject=\count90
))
\Gin@req@height=\dimen111
\Gin@req@width=\dimen112
)
(/usr/local/texlive/2017/texmf-dist/tex/latex/float/float.sty
Package: float 2001/11/08 v1.3d Float enhancements (AL)
\c@float@type=\count91
\float@exts=\toks16
\float@box=\box26
\@float@everytoks=\toks17
\@floatcapt=\box27
)
(/usr/local/texlive/2017/texmf-dist/tex/latex/was/gensymb.sty
Package: gensymb 2003/07/02 v1.0 (WaS)
)
(/usr/local/texlive/2017/texmf-dist/tex/latex/amsfonts/amsfonts.sty
Package: amsfonts 2013/01/14 v3.01 Basic AMSFonts support
\@emptytoks=\toks18
\symAMSa=\mathgroup4
\symAMSb=\mathgroup5
LaTeX Font Info:    Overwriting math alphabet `\mathfrak' in version `bold'
(Font)                  U/euf/m/n --> U/euf/b/n on input line 106.
)
(/usr/local/texlive/2017/texmf-dist/tex/latex/amsfonts/amssymb.sty
Package: amssymb 2013/01/14 v3.01 AMS font symbols
)
(/usr/local/texlive/2017/texmf-dist/tex/latex/amsmath/amsmath.sty
Package: amsmath 2016/11/05 v2.16a AMS math features
\@mathmargin=\skip43

For additional information on amsmath, use the `?' option.
(/usr/local/texlive/2017/texmf-dist/tex/latex/amsmath/amstext.sty
Package: amstext 2000/06/29 v2.01 AMS text

(/usr/local/texlive/2017/texmf-dist/tex/latex/amsmath/amsgen.sty
File: amsgen.sty 1999/11/30 v2.0 generic functions
\@emptytoks=\toks19
\ex@=\dimen113
))
(/usr/local/texlive/2017/texmf-dist/tex/latex/amsmath/amsbsy.sty
Package: amsbsy 1999/11/29 v1.2d Bold Symbols
\pmbraise@=\dimen114
)
(/usr/local/texlive/2017/texmf-dist/tex/latex/amsmath/amsopn.sty
Package: amsopn 2016/03/08 v2.02 operator names
)
\inf@bad=\count92
LaTeX Info: Redefining \frac on input line 213.
\uproot@=\count93
\leftroot@=\count94
LaTeX Info: Redefining \overline on input line 375.
\classnum@=\count95
\DOTSCASE@=\count96
LaTeX Info: Redefining \ldots on input line 472.
LaTeX Info: Redefining \dots on input line 475.
LaTeX Info: Redefining \cdots on input line 596.
\Mathstrutbox@=\box28
\strutbox@=\box29
\big@size=\dimen115
LaTeX Font Info:    Redeclaring font encoding OML on input line 712.
LaTeX Font Info:    Redeclaring font encoding OMS on input line 713.
\macc@depth=\count97
\c@MaxMatrixCols=\count98
\dotsspace@=\muskip10
\c@parentequation=\count99
\dspbrk@lvl=\count100
\tag@help=\toks20
\row@=\count101
\column@=\count102
\maxfields@=\count103
\andhelp@=\toks21
\eqnshift@=\dimen116
\alignsep@=\dimen117
\tagshift@=\dimen118
\tagwidth@=\dimen119
\totwidth@=\dimen120
\lineht@=\dimen121
\@envbody=\toks22
\multlinegap=\skip44
\multlinetaggap=\skip45
\mathdisplay@stack=\toks23
LaTeX Info: Redefining \[ on input line 2817.
LaTeX Info: Redefining \] on input line 2818.
)
(/usr/local/texlive/2017/texmf-dist/tex/latex/adjustbox/adjustbox.sty
Package: adjustbox 2012/05/21 v1.0 Adjusting TeX boxes (trim, clip, ...)

(/usr/local/texlive/2017/texmf-dist/tex/latex/xkeyval/xkeyval.sty
Package: xkeyval 2014/12/03 v2.7a package option processing (HA)

(/usr/local/texlive/2017/texmf-dist/tex/generic/xkeyval/xkeyval.tex
(/usr/local/texlive/2017/texmf-dist/tex/generic/xkeyval/xkvutils.tex
\XKV@toks=\toks24
\XKV@tempa@toks=\toks25
)
\XKV@depth=\count104
File: xkeyval.tex 2014/12/03 v2.7a key=value parser (HA)
))
(/usr/local/texlive/2017/texmf-dist/tex/latex/adjustbox/adjcalc.sty
Package: adjcalc 2012/05/16 v1.1 Provides advanced setlength with multiple back
-ends (calc, etex, pgfmath)
)
(/usr/local/texlive/2017/texmf-dist/tex/latex/adjustbox/trimclip.sty
Package: trimclip 2012/05/16 v1.0 Trim and clip general TeX material

(/usr/local/texlive/2017/texmf-dist/tex/latex/collectbox/collectbox.sty
Package: collectbox 2012/05/17 v0.4b Collect macro arguments as boxes
\collectedbox=\box30
)
\tc@llx=\dimen122
\tc@lly=\dimen123
\tc@urx=\dimen124
\tc@ury=\dimen125
Package trimclip Info: Using driver 'tc-pdftex.def'.

(/usr/local/texlive/2017/texmf-dist/tex/latex/adjustbox/tc-pdftex.def
File: tc-pdftex.def 2012/05/13 v1.0 Clipping driver for pdftex
))
\adjbox@Width=\dimen126
\adjbox@Height=\dimen127
\adjbox@Depth=\dimen128
\adjbox@Totalheight=\dimen129

(/usr/local/texlive/2017/texmf-dist/tex/latex/ifoddpage/ifoddpage.sty
Package: ifoddpage 2016/04/23 v1.1 Conditionals for odd/even page detection
\c@checkoddpage=\count105
)
(/usr/local/texlive/2017/texmf-dist/tex/latex/varwidth/varwidth.sty
Package: varwidth 2009/03/30 ver 0.92;  Variable-width minipages
\@vwid@box=\box31
\sift@deathcycles=\count106
\@vwid@loff=\dimen130
\@vwid@roff=\dimen131
))
(/usr/local/texlive/2017/texmf-dist/tex/latex/graphics/rotating.sty
Package: rotating 2016/08/11 v2.16d rotated objects in LaTeX

(/usr/local/texlive/2017/texmf-dist/tex/latex/base/ifthen.sty
Package: ifthen 2014/09/29 v1.1c Standard LaTeX ifthen package (DPC)
)
\c@r@tfl@t=\count107
\rotFPtop=\skip46
\rotFPbot=\skip47
\rot@float@box=\box32
\rot@mess@toks=\toks26
)
(/usr/local/texlive/2017/texmf-dist/tex/latex/placeins/placeins.sty
Package: placeins 2005/04/18  v 2.2
)
(/usr/local/texlive/2017/texmf-dist/tex/latex/setspace/setspace.sty
Package: setspace 2011/12/19 v6.7a set line spacing
)
(/usr/local/texlive/2017/texmf-dist/tex/latex/pdfpages/pdfpages.sty
Package: pdfpages 2017/01/14 v0.5h Insert pages of external PDF documents (AM)

(/usr/local/texlive/2017/texmf-dist/tex/latex/tools/calc.sty
Package: calc 2014/10/28 v4.3 Infix arithmetic (KKT,FJ)
\calc@Acount=\count108
\calc@Bcount=\count109
\calc@Adimen=\dimen132
\calc@Bdimen=\dimen133
\calc@Askip=\skip48
\calc@Bskip=\skip49
LaTeX Info: Redefining \setlength on input line 80.
LaTeX Info: Redefining \addtolength on input line 81.
\calc@Ccount=\count110
\calc@Cskip=\skip50
)
(/usr/local/texlive/2017/texmf-dist/tex/latex/eso-pic/eso-pic.sty
Package: eso-pic 2015/07/21 v2.0g eso-pic (RN)

(/usr/local/texlive/2017/texmf-dist/tex/generic/oberdiek/atbegshi.sty
Package: atbegshi 2016/06/09 v1.18 At begin shipout hook (HO)
)
(/usr/local/texlive/2017/texmf-dist/tex/latex/xcolor/xcolor.sty
Package: xcolor 2016/05/11 v2.12 LaTeX color extensions (UK)

(/usr/local/texlive/2017/texmf-dist/tex/latex/graphics-cfg/color.cfg
File: color.cfg 2016/01/02 v1.6 sample color configuration
)
Package xcolor Info: Driver file: pdftex.def on input line 225.
Package xcolor Info: Model `cmy' substituted by `cmy0' on input line 1348.
Package xcolor Info: Model `hsb' substituted by `rgb' on input line 1352.
Package xcolor Info: Model `RGB' extended on input line 1364.
Package xcolor Info: Model `HTML' substituted by `rgb' on input line 1366.
Package xcolor Info: Model `Hsb' substituted by `hsb' on input line 1367.
Package xcolor Info: Model `tHsb' substituted by `hsb' on input line 1368.
Package xcolor Info: Model `HSB' substituted by `hsb' on input line 1369.
Package xcolor Info: Model `Gray' substituted by `gray' on input line 1370.
Package xcolor Info: Model `wave' substituted by `hsb' on input line 1371.
))
\AM@pagewidth=\dimen134
\AM@pageheight=\dimen135

(/usr/local/texlive/2017/texmf-dist/tex/latex/pdfpages/pppdftex.def
File: pppdftex.def 2017/01/14 v0.5h Pdfpages driver for pdfTeX (AM)
)
\AM@pagebox=\box33
\AM@global@opts=\toks27
\AM@toc@title=\toks28
\c@AM@survey=\count111
\AM@templatesizebox=\box34
)
(/usr/local/texlive/2017/texmf-dist/tex/latex/natbib/natbib.sty
Package: natbib 2010/09/13 8.31b (PWD, AO)
\bibhang=\skip51
\bibsep=\skip52
LaTeX Info: Redefining \cite on input line 694.
\c@NAT@ctr=\count112
)
(/usr/local/texlive/2017/texmf-dist/tex/latex/titling/titling.sty
Package: titling 2009/09/04 v2.1d maketitle typesetting
\thanksmarkwidth=\skip53
\thanksmargin=\skip54
\droptitle=\skip55
)
(./prelimRHEP_a1654797.aux)
\openout1 = `prelimRHEP_a1654797.aux'.

LaTeX Font Info:    Checking defaults for OML/cmm/m/it on input line 30.
LaTeX Font Info:    ... okay on input line 30.
LaTeX Font Info:    Checking defaults for T1/cmr/m/n on input line 30.
LaTeX Font Info:    ... okay on input line 30.
LaTeX Font Info:    Checking defaults for OT1/cmr/m/n on input line 30.
LaTeX Font Info:    ... okay on input line 30.
LaTeX Font Info:    Checking defaults for OMS/cmsy/m/n on input line 30.
LaTeX Font Info:    ... okay on input line 30.
LaTeX Font Info:    Checking defaults for OMX/cmex/m/n on input line 30.
LaTeX Font Info:    ... okay on input line 30.
LaTeX Font Info:    Checking defaults for U/cmr/m/n on input line 30.
LaTeX Font Info:    ... okay on input line 30.

*geometry* driver: auto-detecting
*geometry* detected driver: pdftex
*geometry* verbose mode - [ preamble ] result:
* driver: pdftex
* paper: <default>
* layout: <same size as paper>
* layoutoffset:(h,v)=(0.0pt,0.0pt)
* modes: 
* h-part:(L,W,R)=(68.28644pt, 477.72212pt, 68.28644pt)
* v-part:(T,H,B)=(68.28644pt, 658.39711pt, 68.28644pt)
* \paperwidth=614.295pt
* \paperheight=794.96999pt
* \textwidth=477.72212pt
* \textheight=658.39711pt
* \oddsidemargin=-3.98355pt
* \evensidemargin=-3.98355pt
* \topmargin=-40.98355pt
* \headheight=12.0pt
* \headsep=25.0pt
* \topskip=12.0pt
* \footskip=30.0pt
* \marginparwidth=44.0pt
* \marginparsep=10.0pt
* \columnsep=10.0pt
* \skip\footins=10.8pt plus 4.0pt minus 2.0pt
* \hoffset=0.0pt
* \voffset=0.0pt
* \mag=1000
* \@twocolumnfalse
* \@twosidefalse
* \@mparswitchfalse
* \@reversemarginfalse
* (1in=72.27pt=25.4mm, 1cm=28.453pt)

(/usr/local/texlive/2017/texmf-dist/tex/context/base/mkii/supp-pdf.mkii
[Loading MPS to PDF converter (version 2006.09.02).]
\scratchcounter=\count113
\scratchdimen=\dimen136
\scratchbox=\box35
\nofMPsegments=\count114
\nofMParguments=\count115
\everyMPshowfont=\toks29
\MPscratchCnt=\count116
\MPscratchDim=\dimen137
\MPnumerator=\count117
\makeMPintoPDFobject=\count118
\everyMPtoPDFconversion=\toks30
) (/usr/local/texlive/2017/texmf-dist/tex/generic/oberdiek/pdftexcmds.sty
Package: pdftexcmds 2017/03/19 v0.25 Utility functions of pdfTeX for LuaTeX (HO
)

(/usr/local/texlive/2017/texmf-dist/tex/generic/oberdiek/ifluatex.sty
Package: ifluatex 2016/05/16 v1.4 Provides the ifluatex switch (HO)
Package ifluatex Info: LuaTeX not detected.
)
Package pdftexcmds Info: LuaTeX not detected.
Package pdftexcmds Info: \pdf@primitive is available.
Package pdftexcmds Info: \pdf@ifprimitive is available.
Package pdftexcmds Info: \pdfdraftmode found.
)
(/usr/local/texlive/2017/texmf-dist/tex/latex/oberdiek/epstopdf-base.sty
Package: epstopdf-base 2016/05/15 v2.6 Base part for package epstopdf

(/usr/local/texlive/2017/texmf-dist/tex/latex/oberdiek/grfext.sty
Package: grfext 2016/05/16 v1.2 Manage graphics extensions (HO)

(/usr/local/texlive/2017/texmf-dist/tex/generic/oberdiek/kvdefinekeys.sty
Package: kvdefinekeys 2016/05/16 v1.4 Define keys (HO)
))
(/usr/local/texlive/2017/texmf-dist/tex/latex/oberdiek/kvoptions.sty
Package: kvoptions 2016/05/16 v3.12 Key value format for package options (HO)

(/usr/local/texlive/2017/texmf-dist/tex/generic/oberdiek/kvsetkeys.sty
Package: kvsetkeys 2016/05/16 v1.17 Key value parser (HO)

(/usr/local/texlive/2017/texmf-dist/tex/generic/oberdiek/etexcmds.sty
Package: etexcmds 2016/05/16 v1.6 Avoid name clashes with e-TeX commands (HO)
Package etexcmds Info: Could not find \expanded.
(etexcmds)             That can mean that you are not using pdfTeX 1.50 or
(etexcmds)             that some package has redefined \expanded.
(etexcmds)             In the latter case, load this package earlier.
)))
Package epstopdf-base Info: Redefining graphics rule for `.eps' on input line 4
38.
Package grfext Info: Graphics extension search list:
(grfext)             [.png,.pdf,.jpg,.mps,.jpeg,.jbig2,.jb2,.PNG,.PDF,.JPG,.JPE
G,.JBIG2,.JB2,.eps]
(grfext)             \AppendGraphicsExtensions on input line 456.

(/usr/local/texlive/2017/texmf-dist/tex/latex/latexconfig/epstopdf-sys.cfg
File: epstopdf-sys.cfg 2010/07/13 v1.3 Configuration of (r)epstopdf for TeX Liv
e
))
LaTeX Info: Redefining \celsius on input line 30.
Package gensymb Info: Faking symbols for \degree and \celsius on input line 30.



Package gensymb Warning: Not defining \perthousand.

LaTeX Info: Redefining \ohm on input line 30.
Package gensymb Info: Using \Omega for \ohm on input line 30.

Package gensymb Warning: Not defining \micro.

\AtBeginShipoutBox=\box36
(/usr/local/texlive/2017/texmf-dist/tex/latex/oberdiek/pdflscape.sty
Package: pdflscape 2016/05/14 v0.11 Display of landscape pages in PDF (HO)

(/usr/local/texlive/2017/texmf-dist/tex/latex/graphics/lscape.sty
Package: lscape 2000/10/22 v3.01 Landscape Pages (DPC)
)
Package pdflscape Info: Auto-detected driver: pdftex on input line 81.
)
LaTeX Font Info:    Try loading font information for U+msa on input line 31.

(/usr/local/texlive/2017/texmf-dist/tex/latex/amsfonts/umsa.fd
File: umsa.fd 2013/01/14 v3.01 AMS symbols A
)
LaTeX Font Info:    Try loading font information for U+msb on input line 31.

(/usr/local/texlive/2017/texmf-dist/tex/latex/amsfonts/umsb.fd
File: umsb.fd 2013/01/14 v3.01 AMS symbols B
) [1

{/usr/local/texlive/2017/texmf-var/fonts/map/pdftex/updmap/pdftex.map}] [2]
LaTeX Font Info:    Try loading font information for OMS+cmr on input line 51.

(/usr/local/texlive/2017/texmf-dist/tex/latex/base/omscmr.fd
File: omscmr.fd 2014/09/29 v2.5h Standard LaTeX font definitions
)
LaTeX Font Info:    Font shape `OMS/cmr/m/n' in size <12> not available
(Font)              Font shape `OMS/cmsy/m/n' tried instead on input line 51.

<Figures/plan1.png, id=13, 884.30376pt x 725.71124pt>
File: Figures/plan1.png Graphic file (type png)
 <use Figures/plan1.png>
Package pdftex.def Info: Figures/plan1.png used on input line 88.
(pdftex.def)             Requested size: 525.49724pt x 431.27756pt.

Overfull \hbox (47.77512pt too wide) in paragraph at lines 88--89
 [][] 
 []

[3] [4] [5 <./Figures/plan1.png>] (./prelimRHEP_a1654797.bbl
Missing character: There is no Ã in font cmr12!
Missing character: There is no ¡ in font cmr12!
Missing character: There is no Ã in font cmr12!
Missing character: There is no ¡ in font cmr12!
 [6]
Missing character: There is no Ã in font cmr12!
Missing character: There is no © in font cmr12!
Missing character: There is no â in font cmr12!
Missing character: There is no € in font cmr12!
Missing character: There is no “ in font cmr12!
 [7])

pdfTeX warning: /Library/TeX/texbin/pdflatex (file ./reading.pdf): PDF inclusio
n: found PDF version <1.6>, but at most version <1.5> allowed
<reading.pdf, id=34, 625.96059pt x 810.90355pt>
File: reading.pdf Graphic file (type pdf)
 <use reading.pdf>
Package pdftex.def Info: reading.pdf used on input line 99.
(pdftex.def)             Requested size: 625.95905pt x 810.90157pt.


pdfTeX warning: /Library/TeX/texbin/pdflatex (file ./reading.pdf): PDF inclusio
n: found PDF version <1.6>, but at most version <1.5> allowed
File: reading.pdf Graphic file (type pdf)
<use reading.pdf>
Package pdftex.def Info: reading.pdf used on input line 99.
(pdftex.def)             Requested size: 625.95905pt x 810.90157pt.


pdfTeX warning: /Library/TeX/texbin/pdflatex (file ./reading.pdf): PDF inclusio
n: found PDF version <1.6>, but at most version <1.5> allowed


pdfTeX warning: /Library/TeX/texbin/pdflatex (file ./reading.pdf): PDF inclusio
n: found PDF version <1.6>, but at most version <1.5> allowed
<reading.pdf, id=37, page=1, 625.96059pt x 810.90355pt>
File: reading.pdf Graphic file (type pdf)

<use reading.pdf, page 1>
Package pdftex.def Info: reading.pdf, page1 used on input line 99.
(pdftex.def)             Requested size: 625.95905pt x 810.90157pt.
File: reading.pdf Graphic file (type pdf)
 <use reading.pdf, page 1>
Package pdftex.def Info: reading.pdf, page1 used on input line 99.
(pdftex.def)             Requested size: 614.335pt x 795.84315pt.
 [8]
File: reading.pdf Graphic file (type pdf)

<use reading.pdf, page 1>
Package pdftex.def Info: reading.pdf, page1 used on input line 99.
(pdftex.def)             Requested size: 614.335pt x 795.84315pt.
File: reading.pdf Graphic file (type pdf)
 <use reading.pdf, page 1>
Package pdftex.def Info: reading.pdf, page1 used on input line 99.
(pdftex.def)             Requested size: 614.335pt x 795.84315pt.
File: reading.pdf Graphic file (type pdf)
 <use reading.pdf, page 1>
Package pdftex.def Info: reading.pdf, page1 used on input line 99.
(pdftex.def)             Requested size: 614.335pt x 795.84315pt.

[9 <./reading.pdf>]

pdfTeX warning: /Library/TeX/texbin/pdflatex (file ./reading.pdf): PDF inclusio
n: found PDF version <1.6>, but at most version <1.5> allowed
<reading.pdf, id=82, page=2, 625.96059pt x 810.90355pt>
File: reading.pdf Graphic file (type pdf)

<use reading.pdf, page 2>
Package pdftex.def Info: reading.pdf, page2 used on input line 99.
(pdftex.def)             Requested size: 614.335pt x 795.84315pt.
File: reading.pdf Graphic file (type pdf)
 <use reading.pdf, page 2>
Package pdftex.def Info: reading.pdf, page2 used on input line 99.
(pdftex.def)             Requested size: 614.335pt x 795.84315pt.
File: reading.pdf Graphic file (type pdf)
 <use reading.pdf, page 2>
Package pdftex.def Info: reading.pdf, page2 used on input line 99.
(pdftex.def)             Requested size: 614.335pt x 795.84315pt.

[10 <./reading.pdf>]

pdfTeX warning: /Library/TeX/texbin/pdflatex (file ./reading.pdf): PDF inclusio
n: found PDF version <1.6>, but at most version <1.5> allowed
<reading.pdf, id=86, page=3, 625.96059pt x 810.90355pt>
File: reading.pdf Graphic file (type pdf)

<use reading.pdf, page 3>
Package pdftex.def Info: reading.pdf, page3 used on input line 99.
(pdftex.def)             Requested size: 614.335pt x 795.84315pt.
File: reading.pdf Graphic file (type pdf)
 <use reading.pdf, page 3>
Package pdftex.def Info: reading.pdf, page3 used on input line 99.
(pdftex.def)             Requested size: 614.335pt x 795.84315pt.
File: reading.pdf Graphic file (type pdf)
 <use reading.pdf, page 3>
Package pdftex.def Info: reading.pdf, page3 used on input line 99.
(pdftex.def)             Requested size: 614.335pt x 795.84315pt.

[11 <./reading.pdf>]

pdfTeX warning: /Library/TeX/texbin/pdflatex (file ./reading.pdf): PDF inclusio
n: found PDF version <1.6>, but at most version <1.5> allowed
<reading.pdf, id=98, page=4, 625.96059pt x 810.90355pt>
File: reading.pdf Graphic file (type pdf)

<use reading.pdf, page 4>
Package pdftex.def Info: reading.pdf, page4 used on input line 99.
(pdftex.def)             Requested size: 614.335pt x 795.84315pt.
File: reading.pdf Graphic file (type pdf)
 <use reading.pdf, page 4>
Package pdftex.def Info: reading.pdf, page4 used on input line 99.
(pdftex.def)             Requested size: 614.335pt x 795.84315pt.
File: reading.pdf Graphic file (type pdf)
 <use reading.pdf, page 4>
Package pdftex.def Info: reading.pdf, page4 used on input line 99.
(pdftex.def)             Requested size: 614.335pt x 795.84315pt.

[12 <./reading.pdf>]

pdfTeX warning: /Library/TeX/texbin/pdflatex (file ./reading.pdf): PDF inclusio
n: found PDF version <1.6>, but at most version <1.5> allowed
<reading.pdf, id=110, page=5, 625.96059pt x 810.90355pt>
File: reading.pdf Graphic file (type pdf)

<use reading.pdf, page 5>
Package pdftex.def Info: reading.pdf, page5 used on input line 99.
(pdftex.def)             Requested size: 614.335pt x 795.84315pt.
File: reading.pdf Graphic file (type pdf)
 <use reading.pdf, page 5>
Package pdftex.def Info: reading.pdf, page5 used on input line 99.
(pdftex.def)             Requested size: 614.335pt x 795.84315pt.
File: reading.pdf Graphic file (type pdf)
 <use reading.pdf, page 5>
Package pdftex.def Info: reading.pdf, page5 used on input line 99.
(pdftex.def)             Requested size: 614.335pt x 795.84315pt.

[13 <./reading.pdf>]

pdfTeX warning: /Library/TeX/texbin/pdflatex (file ./reading.pdf): PDF inclusio
n: found PDF version <1.6>, but at most version <1.5> allowed
<reading.pdf, id=116, page=6, 625.96059pt x 810.90355pt>
File: reading.pdf Graphic file (type pdf)

<use reading.pdf, page 6>
Package pdftex.def Info: reading.pdf, page6 used on input line 99.
(pdftex.def)             Requested size: 614.335pt x 795.84315pt.
File: reading.pdf Graphic file (type pdf)
 <use reading.pdf, page 6>
Package pdftex.def Info: reading.pdf, page6 used on input line 99.
(pdftex.def)             Requested size: 614.335pt x 795.84315pt.
File: reading.pdf Graphic file (type pdf)
 <use reading.pdf, page 6>
Package pdftex.def Info: reading.pdf, page6 used on input line 99.
(pdftex.def)             Requested size: 614.335pt x 795.84315pt.

[14 <./reading.pdf>]

pdfTeX warning: /Library/TeX/texbin/pdflatex (file ./reading.pdf): PDF inclusio
n: found PDF version <1.6>, but at most version <1.5> allowed
<reading.pdf, id=121, page=7, 625.96059pt x 810.90355pt>
File: reading.pdf Graphic file (type pdf)

<use reading.pdf, page 7>
Package pdftex.def Info: reading.pdf, page7 used on input line 99.
(pdftex.def)             Requested size: 614.335pt x 795.84315pt.
File: reading.pdf Graphic file (type pdf)
 <use reading.pdf, page 7>
Package pdftex.def Info: reading.pdf, page7 used on input line 99.
(pdftex.def)             Requested size: 614.335pt x 795.84315pt.
File: reading.pdf Graphic file (type pdf)
 <use reading.pdf, page 7>
Package pdftex.def Info: reading.pdf, page7 used on input line 99.
(pdftex.def)             Requested size: 614.335pt x 795.84315pt.

[15 <./reading.pdf>]

pdfTeX warning: /Library/TeX/texbin/pdflatex (file ./reading2.pdf): PDF inclusi
on: found PDF version <1.6>, but at most version <1.5> allowed
<reading2.pdf, id=125, 597.50829pt x 793.83177pt>
File: reading2.pdf Graphic file (type pdf)
 <use reading2.pdf>
Package pdftex.def Info: reading2.pdf used on input line 100.
(pdftex.def)             Requested size: 597.50682pt x 793.82983pt.


pdfTeX warning: /Library/TeX/texbin/pdflatex (file ./reading2.pdf): PDF inclusi
on: found PDF version <1.6>, but at most version <1.5> allowed
File: reading2.pdf Graphic file (type pdf)
<use reading2.pdf>
Package pdftex.def Info: reading2.pdf used on input line 100.
(pdftex.def)             Requested size: 597.50682pt x 793.82983pt.


pdfTeX warning: /Library/TeX/texbin/pdflatex (file ./reading2.pdf): PDF inclusi
on: found PDF version <1.6>, but at most version <1.5> allowed


pdfTeX warning: /Library/TeX/texbin/pdflatex (file ./reading2.pdf): PDF inclusi
on: found PDF version <1.6>, but at most version <1.5> allowed
<reading2.pdf, id=128, page=1, 597.50829pt x 793.83177pt>
File: reading2.pdf Graphic file (type pdf)

<use reading2.pdf, page 1>
Package pdftex.def Info: reading2.pdf, page1 used on input line 100.
(pdftex.def)             Requested size: 597.50682pt x 793.82983pt.
File: reading2.pdf Graphic file (type pdf)
 <use reading2.pdf, page 1>
Package pdftex.def Info: reading2.pdf, page1 used on input line 100.
(pdftex.def)             Requested size: 598.98381pt x 795.79211pt.
File: reading2.pdf Graphic file (type pdf)

<use reading2.pdf, page 1>
Package pdftex.def Info: reading2.pdf, page1 used on input line 100.
(pdftex.def)             Requested size: 598.98381pt x 795.79211pt.
File: reading2.pdf Graphic file (type pdf)
 <use reading2.pdf, page 1>
Package pdftex.def Info: reading2.pdf, page1 used on input line 100.
(pdftex.def)             Requested size: 598.98381pt x 795.79211pt.
File: reading2.pdf Graphic file (type pdf)

<use reading2.pdf, page 1>
Package pdftex.def Info: reading2.pdf, page1 used on input line 100.
(pdftex.def)             Requested size: 598.98381pt x 795.79211pt.
 [16 <./reading2.pdf>]

pdfTeX warning: /Library/TeX/texbin/pdflatex (file ./reading2.pdf): PDF inclusi
on: found PDF version <1.6>, but at most version <1.5> allowed
<reading2.pdf, id=178, page=2, 597.50829pt x 793.83177pt>
File: reading2.pdf Graphic file (type pdf)

<use reading2.pdf, page 2>
Package pdftex.def Info: reading2.pdf, page2 used on input line 100.
(pdftex.def)             Requested size: 598.98381pt x 795.79211pt.
File: reading2.pdf Graphic file (type pdf)
 <use reading2.pdf, page 2>
Package pdftex.def Info: reading2.pdf, page2 used on input line 100.
(pdftex.def)             Requested size: 598.98381pt x 795.79211pt.
File: reading2.pdf Graphic file (type pdf)

<use reading2.pdf, page 2>
Package pdftex.def Info: reading2.pdf, page2 used on input line 100.
(pdftex.def)             Requested size: 598.98381pt x 795.79211pt.
 [17 <./reading2.pdf>]

pdfTeX warning: /Library/TeX/texbin/pdflatex (file ./reading2.pdf): PDF inclusi
on: found PDF version <1.6>, but at most version <1.5> allowed
<reading2.pdf, id=196, page=3, 597.50829pt x 793.77455pt>
File: reading2.pdf Graphic file (type pdf)

<use reading2.pdf, page 3>
Package pdftex.def Info: reading2.pdf, page3 used on input line 100.
(pdftex.def)             Requested size: 598.98381pt x 795.73476pt.
File: reading2.pdf Graphic file (type pdf)
 <use reading2.pdf, page 3>
Package pdftex.def Info: reading2.pdf, page3 used on input line 100.
(pdftex.def)             Requested size: 598.98381pt x 795.73476pt.
File: reading2.pdf Graphic file (type pdf)

<use reading2.pdf, page 3>
Package pdftex.def Info: reading2.pdf, page3 used on input line 100.
(pdftex.def)             Requested size: 598.98381pt x 795.73476pt.
 [18 <./reading2.pdf>]

pdfTeX warning: /Library/TeX/texbin/pdflatex (file ./reading2.pdf): PDF inclusi
on: found PDF version <1.6>, but at most version <1.5> allowed
<reading2.pdf, id=201, page=4, 597.50829pt x 793.77455pt>
File: reading2.pdf Graphic file (type pdf)

<use reading2.pdf, page 4>
Package pdftex.def Info: reading2.pdf, page4 used on input line 100.
(pdftex.def)             Requested size: 598.98381pt x 795.73476pt.
File: reading2.pdf Graphic file (type pdf)
 <use reading2.pdf, page 4>
Package pdftex.def Info: reading2.pdf, page4 used on input line 100.
(pdftex.def)             Requested size: 598.98381pt x 795.73476pt.
File: reading2.pdf Graphic file (type pdf)

<use reading2.pdf, page 4>
Package pdftex.def Info: reading2.pdf, page4 used on input line 100.
(pdftex.def)             Requested size: 598.98381pt x 795.73476pt.
 [19 <./reading2.pdf>]

pdfTeX warning: /Library/TeX/texbin/pdflatex (file ./reading2.pdf): PDF inclusi
on: found PDF version <1.6>, but at most version <1.5> allowed
<reading2.pdf, id=211, page=5, 597.50829pt x 793.77455pt>
File: reading2.pdf Graphic file (type pdf)

<use reading2.pdf, page 5>
Package pdftex.def Info: reading2.pdf, page5 used on input line 100.
(pdftex.def)             Requested size: 598.98381pt x 795.73476pt.
File: reading2.pdf Graphic file (type pdf)
 <use reading2.pdf, page 5>
Package pdftex.def Info: reading2.pdf, page5 used on input line 100.
(pdftex.def)             Requested size: 598.98381pt x 795.73476pt.
File: reading2.pdf Graphic file (type pdf)

<use reading2.pdf, page 5>
Package pdftex.def Info: reading2.pdf, page5 used on input line 100.
(pdftex.def)             Requested size: 598.98381pt x 795.73476pt.
 [20 <./reading2.pdf>]

pdfTeX warning: /Library/TeX/texbin/pdflatex (file ./reading2.pdf): PDF inclusi
on: found PDF version <1.6>, but at most version <1.5> allowed
<reading2.pdf, id=218, page=6, 597.50829pt x 793.77455pt>
File: reading2.pdf Graphic file (type pdf)

<use reading2.pdf, page 6>
Package pdftex.def Info: reading2.pdf, page6 used on input line 100.
(pdftex.def)             Requested size: 598.98381pt x 795.73476pt.
File: reading2.pdf Graphic file (type pdf)
 <use reading2.pdf, page 6>
Package pdftex.def Info: reading2.pdf, page6 used on input line 100.
(pdftex.def)             Requested size: 598.98381pt x 795.73476pt.
File: reading2.pdf Graphic file (type pdf)

<use reading2.pdf, page 6>
Package pdftex.def Info: reading2.pdf, page6 used on input line 100.
(pdftex.def)             Requested size: 598.98381pt x 795.73476pt.
 [21 <./reading2.pdf>]

pdfTeX warning: /Library/TeX/texbin/pdflatex (file ./reading2.pdf): PDF inclusi
on: found PDF version <1.6>, but at most version <1.5> allowed
<reading2.pdf, id=223, page=7, 597.50829pt x 793.77455pt>
File: reading2.pdf Graphic file (type pdf)

<use reading2.pdf, page 7>
Package pdftex.def Info: reading2.pdf, page7 used on input line 100.
(pdftex.def)             Requested size: 598.98381pt x 795.73476pt.
File: reading2.pdf Graphic file (type pdf)
 <use reading2.pdf, page 7>
Package pdftex.def Info: reading2.pdf, page7 used on input line 100.
(pdftex.def)             Requested size: 598.98381pt x 795.73476pt.
File: reading2.pdf Graphic file (type pdf)

<use reading2.pdf, page 7>
Package pdftex.def Info: reading2.pdf, page7 used on input line 100.
(pdftex.def)             Requested size: 598.98381pt x 795.73476pt.
 [22 <./reading2.pdf>]

pdfTeX warning: /Library/TeX/texbin/pdflatex (file ./reading2.pdf): PDF inclusi
on: found PDF version <1.6>, but at most version <1.5> allowed
<reading2.pdf, id=234, page=8, 597.50829pt x 793.77455pt>
File: reading2.pdf Graphic file (type pdf)

<use reading2.pdf, page 8>
Package pdftex.def Info: reading2.pdf, page8 used on input line 100.
(pdftex.def)             Requested size: 598.98381pt x 795.73476pt.
File: reading2.pdf Graphic file (type pdf)
 <use reading2.pdf, page 8>
Package pdftex.def Info: reading2.pdf, page8 used on input line 100.
(pdftex.def)             Requested size: 598.98381pt x 795.73476pt.
File: reading2.pdf Graphic file (type pdf)

<use reading2.pdf, page 8>
Package pdftex.def Info: reading2.pdf, page8 used on input line 100.
(pdftex.def)             Requested size: 598.98381pt x 795.73476pt.
 [23 <./reading2.pdf>]

pdfTeX warning: /Library/TeX/texbin/pdflatex (file ./reading2.pdf): PDF inclusi
on: found PDF version <1.6>, but at most version <1.5> allowed
<reading2.pdf, id=248, page=9, 597.50829pt x 793.77455pt>
File: reading2.pdf Graphic file (type pdf)

<use reading2.pdf, page 9>
Package pdftex.def Info: reading2.pdf, page9 used on input line 100.
(pdftex.def)             Requested size: 598.98381pt x 795.73476pt.
File: reading2.pdf Graphic file (type pdf)
 <use reading2.pdf, page 9>
Package pdftex.def Info: reading2.pdf, page9 used on input line 100.
(pdftex.def)             Requested size: 598.98381pt x 795.73476pt.
File: reading2.pdf Graphic file (type pdf)

<use reading2.pdf, page 9>
Package pdftex.def Info: reading2.pdf, page9 used on input line 100.
(pdftex.def)             Requested size: 598.98381pt x 795.73476pt.
 [24 <./reading2.pdf>]

pdfTeX warning: /Library/TeX/texbin/pdflatex (file ./reading2.pdf): PDF inclusi
on: found PDF version <1.6>, but at most version <1.5> allowed
<reading2.pdf, id=252, page=10, 597.50829pt x 793.77455pt>
File: reading2.pdf Graphic file (type pdf)

<use reading2.pdf, page 10>
Package pdftex.def Info: reading2.pdf, page10 used on input line 100.
(pdftex.def)             Requested size: 598.98381pt x 795.73476pt.
File: reading2.pdf Graphic file (type pdf)
 <use reading2.pdf, page 10>
Package pdftex.def Info: reading2.pdf, page10 used on input line 100.
(pdftex.def)             Requested size: 598.98381pt x 795.73476pt.
File: reading2.pdf Graphic file (type pdf)

<use reading2.pdf, page 10>
Package pdftex.def Info: reading2.pdf, page10 used on input line 100.
(pdftex.def)             Requested size: 598.98381pt x 795.73476pt.
 [25 <./reading2.pdf>] (./prelimRHEP_a1654797.aux) ) 
Here is how much of TeX's memory you used:
 5631 strings out of 492995
 80262 string characters out of 6132704
 161562 words of memory out of 5000000
 9044 multiletter control sequences out of 15000+600000
 9305 words of font info for 36 fonts, out of 8000000 for 9000
 1141 hyphenation exceptions out of 8191
 40i,18n,51p,1497b,531s stack positions out of 5000i,500n,10000p,200000b,80000s
</usr/local/texlive/2017/te
xmf-dist/fonts/type1/public/amsfonts/cm/cmbx12.pfb></usr/local/texlive/2017/tex
mf-dist/fonts/type1/public/amsfonts/cm/cmr10.pfb></usr/local/texlive/2017/texmf
-dist/fonts/type1/public/amsfonts/cm/cmr12.pfb></usr/local/texlive/2017/texmf-d
ist/fonts/type1/public/amsfonts/cm/cmr17.pfb></usr/local/texlive/2017/texmf-dis
t/fonts/type1/public/amsfonts/cm/cmsy10.pfb></usr/local/texlive/2017/texmf-dist
/fonts/type1/public/amsfonts/cm/cmti12.pfb>
Output written on prelimRHEP_a1654797.pdf (25 pages, 2551278 bytes).
PDF statistics:
 278 PDF objects out of 1000 (max. 8388607)
 165 compressed objects within 2 object streams
 0 named destinations out of 1000 (max. 500000)
 121 words of extra memory for PDF output out of 10000 (max. 10000000)

